[0.063s] DEBUG:colcon:Command line arguments: ['/usr/bin/colcon', 'build']
[0.064s] DEBUG:colcon:Parsed command line arguments: Namespace(log_base=None, log_level=None, verb_name='build', build_base='build', install_base='install', merge_install=False, symlink_install=False, test_result_base=None, continue_on_error=False, executor='parallel', parallel_workers=20, event_handlers=None, ignore_user_meta=False, metas=['./colcon.meta'], base_paths=['.'], packages_ignore=None, packages_ignore_regex=None, paths=None, packages_up_to=None, packages_up_to_regex=None, packages_above=None, packages_above_and_dependencies=None, packages_above_depth=None, packages_select_by_dep=None, packages_skip_by_dep=None, packages_skip_up_to=None, packages_select_build_failed=False, packages_skip_build_finished=False, packages_select_test_failures=False, packages_skip_test_passed=False, packages_select=None, packages_skip=None, packages_select_regex=None, packages_skip_regex=None, packages_start=None, packages_end=None, allow_overriding=[], cmake_args=None, cmake_target=None, cmake_target_skip_unavailable=False, cmake_clean_cache=False, cmake_clean_first=False, cmake_force_configure=False, ament_cmake_args=None, catkin_cmake_args=None, catkin_skip_building_tests=False, mixin_files=None, mixin=None, verb_parser=<colcon_mixin.mixin.mixin_argument.MixinArgumentDecorator object at 0x72c95555b610>, verb_extension=<colcon_core.verb.build.BuildVerb object at 0x72c95555aa10>, main=<bound method BuildVerb.main of <colcon_core.verb.build.BuildVerb object at 0x72c95555aa10>>, mixin_verb=('build',))
[0.157s] Level 1:colcon.colcon_core.package_discovery:discover_packages(colcon_meta) check parameters
[0.157s] Level 1:colcon.colcon_core.package_discovery:discover_packages(recursive) check parameters
[0.157s] Level 1:colcon.colcon_core.package_discovery:discover_packages(ignore) check parameters
[0.157s] Level 1:colcon.colcon_core.package_discovery:discover_packages(path) check parameters
[0.157s] Level 1:colcon.colcon_core.package_discovery:discover_packages(colcon_meta) discover
[0.157s] Level 1:colcon.colcon_core.package_discovery:discover_packages(recursive) discover
[0.158s] INFO:colcon.colcon_core.package_discovery:Crawling recursively for packages in '/home/atharva/robot_ws'
[0.158s] Level 1:colcon.colcon_core.package_identification:_identify(.) by extensions ['ignore', 'ignore_ament_install']
[0.158s] Level 1:colcon.colcon_core.package_identification:_identify(.) by extension 'ignore'
[0.158s] Level 1:colcon.colcon_core.package_identification:_identify(.) by extension 'ignore_ament_install'
[0.158s] Level 1:colcon.colcon_core.package_identification:_identify(.) by extensions ['colcon_pkg']
[0.158s] Level 1:colcon.colcon_core.package_identification:_identify(.) by extension 'colcon_pkg'
[0.158s] Level 1:colcon.colcon_core.package_identification:_identify(.) by extensions ['colcon_meta']
[0.158s] Level 1:colcon.colcon_core.package_identification:_identify(.) by extension 'colcon_meta'
[0.158s] Level 1:colcon.colcon_core.package_identification:_identify(.) by extensions ['ros']
[0.158s] Level 1:colcon.colcon_core.package_identification:_identify(.) by extension 'ros'
[0.164s] Level 1:colcon.colcon_core.package_identification:_identify(.) by extensions ['cmake', 'python']
[0.164s] Level 1:colcon.colcon_core.package_identification:_identify(.) by extension 'cmake'
[0.164s] Level 1:colcon.colcon_core.package_identification:_identify(.) by extension 'python'
[0.164s] Level 1:colcon.colcon_core.package_identification:_identify(.) by extensions ['python_setup_py']
[0.164s] Level 1:colcon.colcon_core.package_identification:_identify(.) by extension 'python_setup_py'
[0.164s] Level 1:colcon.colcon_core.package_identification:_identify(build) by extensions ['ignore', 'ignore_ament_install']
[0.164s] Level 1:colcon.colcon_core.package_identification:_identify(build) by extension 'ignore'
[0.165s] Level 1:colcon.colcon_core.package_identification:_identify(build) ignored
[0.165s] Level 1:colcon.colcon_core.package_identification:_identify(install) by extensions ['ignore', 'ignore_ament_install']
[0.165s] Level 1:colcon.colcon_core.package_identification:_identify(install) by extension 'ignore'
[0.165s] Level 1:colcon.colcon_core.package_identification:_identify(install) ignored
[0.165s] Level 1:colcon.colcon_core.package_identification:_identify(log) by extensions ['ignore', 'ignore_ament_install']
[0.165s] Level 1:colcon.colcon_core.package_identification:_identify(log) by extension 'ignore'
[0.165s] Level 1:colcon.colcon_core.package_identification:_identify(log) ignored
[0.165s] Level 1:colcon.colcon_core.package_identification:_identify(src) by extensions ['ignore', 'ignore_ament_install']
[0.165s] Level 1:colcon.colcon_core.package_identification:_identify(src) by extension 'ignore'
[0.165s] Level 1:colcon.colcon_core.package_identification:_identify(src) by extension 'ignore_ament_install'
[0.165s] Level 1:colcon.colcon_core.package_identification:_identify(src) by extensions ['colcon_pkg']
[0.165s] Level 1:colcon.colcon_core.package_identification:_identify(src) by extension 'colcon_pkg'
[0.165s] Level 1:colcon.colcon_core.package_identification:_identify(src) by extensions ['colcon_meta']
[0.165s] Level 1:colcon.colcon_core.package_identification:_identify(src) by extension 'colcon_meta'
[0.165s] Level 1:colcon.colcon_core.package_identification:_identify(src) by extensions ['ros']
[0.165s] Level 1:colcon.colcon_core.package_identification:_identify(src) by extension 'ros'
[0.165s] Level 1:colcon.colcon_core.package_identification:_identify(src) by extensions ['cmake', 'python']
[0.165s] Level 1:colcon.colcon_core.package_identification:_identify(src) by extension 'cmake'
[0.165s] Level 1:colcon.colcon_core.package_identification:_identify(src) by extension 'python'
[0.165s] Level 1:colcon.colcon_core.package_identification:_identify(src) by extensions ['python_setup_py']
[0.165s] Level 1:colcon.colcon_core.package_identification:_identify(src) by extension 'python_setup_py'
[0.165s] Level 1:colcon.colcon_core.package_identification:_identify(src/pymoveit2) by extensions ['ignore', 'ignore_ament_install']
[0.165s] Level 1:colcon.colcon_core.package_identification:_identify(src/pymoveit2) by extension 'ignore'
[0.165s] Level 1:colcon.colcon_core.package_identification:_identify(src/pymoveit2) by extension 'ignore_ament_install'
[0.165s] Level 1:colcon.colcon_core.package_identification:_identify(src/pymoveit2) by extensions ['colcon_pkg']
[0.165s] Level 1:colcon.colcon_core.package_identification:_identify(src/pymoveit2) by extension 'colcon_pkg'
[0.165s] Level 1:colcon.colcon_core.package_identification:_identify(src/pymoveit2) by extensions ['colcon_meta']
[0.165s] Level 1:colcon.colcon_core.package_identification:_identify(src/pymoveit2) by extension 'colcon_meta'
[0.165s] Level 1:colcon.colcon_core.package_identification:_identify(src/pymoveit2) by extensions ['ros']
[0.165s] Level 1:colcon.colcon_core.package_identification:_identify(src/pymoveit2) by extension 'ros'
[0.167s] DEBUG:colcon.colcon_core.package_identification:Package 'src/pymoveit2' with type 'ros.ament_cmake' and name 'pymoveit2'
[0.167s] Level 1:colcon.colcon_core.package_identification:_identify(src/robot_bringup) by extensions ['ignore', 'ignore_ament_install']
[0.167s] Level 1:colcon.colcon_core.package_identification:_identify(src/robot_bringup) by extension 'ignore'
[0.167s] Level 1:colcon.colcon_core.package_identification:_identify(src/robot_bringup) by extension 'ignore_ament_install'
[0.167s] Level 1:colcon.colcon_core.package_identification:_identify(src/robot_bringup) by extensions ['colcon_pkg']
[0.167s] Level 1:colcon.colcon_core.package_identification:_identify(src/robot_bringup) by extension 'colcon_pkg'
[0.167s] Level 1:colcon.colcon_core.package_identification:_identify(src/robot_bringup) by extensions ['colcon_meta']
[0.167s] Level 1:colcon.colcon_core.package_identification:_identify(src/robot_bringup) by extension 'colcon_meta'
[0.167s] Level 1:colcon.colcon_core.package_identification:_identify(src/robot_bringup) by extensions ['ros']
[0.167s] Level 1:colcon.colcon_core.package_identification:_identify(src/robot_bringup) by extension 'ros'
[0.167s] DEBUG:colcon.colcon_core.package_identification:Package 'src/robot_bringup' with type 'ros.ament_cmake' and name 'robot_bringup'
[0.168s] Level 1:colcon.colcon_core.package_identification:_identify(src/robot_controller) by extensions ['ignore', 'ignore_ament_install']
[0.168s] Level 1:colcon.colcon_core.package_identification:_identify(src/robot_controller) by extension 'ignore'
[0.168s] Level 1:colcon.colcon_core.package_identification:_identify(src/robot_controller) by extension 'ignore_ament_install'
[0.168s] Level 1:colcon.colcon_core.package_identification:_identify(src/robot_controller) by extensions ['colcon_pkg']
[0.168s] Level 1:colcon.colcon_core.package_identification:_identify(src/robot_controller) by extension 'colcon_pkg'
[0.168s] Level 1:colcon.colcon_core.package_identification:_identify(src/robot_controller) by extensions ['colcon_meta']
[0.168s] Level 1:colcon.colcon_core.package_identification:_identify(src/robot_controller) by extension 'colcon_meta'
[0.168s] Level 1:colcon.colcon_core.package_identification:_identify(src/robot_controller) by extensions ['ros']
[0.168s] Level 1:colcon.colcon_core.package_identification:_identify(src/robot_controller) by extension 'ros'
[0.168s] DEBUG:colcon.colcon_core.package_identification:Package 'src/robot_controller' with type 'ros.ament_cmake' and name 'robot_controller'
[0.168s] Level 1:colcon.colcon_core.package_identification:_identify(src/robot_description) by extensions ['ignore', 'ignore_ament_install']
[0.168s] Level 1:colcon.colcon_core.package_identification:_identify(src/robot_description) by extension 'ignore'
[0.168s] Level 1:colcon.colcon_core.package_identification:_identify(src/robot_description) by extension 'ignore_ament_install'
[0.168s] Level 1:colcon.colcon_core.package_identification:_identify(src/robot_description) by extensions ['colcon_pkg']
[0.168s] Level 1:colcon.colcon_core.package_identification:_identify(src/robot_description) by extension 'colcon_pkg'
[0.168s] Level 1:colcon.colcon_core.package_identification:_identify(src/robot_description) by extensions ['colcon_meta']
[0.168s] Level 1:colcon.colcon_core.package_identification:_identify(src/robot_description) by extension 'colcon_meta'
[0.168s] Level 1:colcon.colcon_core.package_identification:_identify(src/robot_description) by extensions ['ros']
[0.168s] Level 1:colcon.colcon_core.package_identification:_identify(src/robot_description) by extension 'ros'
[0.170s] DEBUG:colcon.colcon_core.package_identification:Package 'src/robot_description' with type 'ros.ament_cmake' and name 'robot_description'
[0.170s] Level 1:colcon.colcon_core.package_identification:_identify(src/robot_moveit) by extensions ['ignore', 'ignore_ament_install']
[0.170s] Level 1:colcon.colcon_core.package_identification:_identify(src/robot_moveit) by extension 'ignore'
[0.170s] Level 1:colcon.colcon_core.package_identification:_identify(src/robot_moveit) by extension 'ignore_ament_install'
[0.170s] Level 1:colcon.colcon_core.package_identification:_identify(src/robot_moveit) by extensions ['colcon_pkg']
[0.170s] Level 1:colcon.colcon_core.package_identification:_identify(src/robot_moveit) by extension 'colcon_pkg'
[0.170s] Level 1:colcon.colcon_core.package_identification:_identify(src/robot_moveit) by extensions ['colcon_meta']
[0.170s] Level 1:colcon.colcon_core.package_identification:_identify(src/robot_moveit) by extension 'colcon_meta'
[0.170s] Level 1:colcon.colcon_core.package_identification:_identify(src/robot_moveit) by extensions ['ros']
[0.170s] Level 1:colcon.colcon_core.package_identification:_identify(src/robot_moveit) by extension 'ros'
[0.171s] DEBUG:colcon.colcon_core.package_identification:Package 'src/robot_moveit' with type 'ros.ament_cmake' and name 'robot_moveit'
[0.171s] Level 1:colcon.colcon_core.package_identification:_identify(src/robot_vision) by extensions ['ignore', 'ignore_ament_install']
[0.171s] Level 1:colcon.colcon_core.package_identification:_identify(src/robot_vision) by extension 'ignore'
[0.171s] Level 1:colcon.colcon_core.package_identification:_identify(src/robot_vision) by extension 'ignore_ament_install'
[0.171s] Level 1:colcon.colcon_core.package_identification:_identify(src/robot_vision) by extensions ['colcon_pkg']
[0.171s] Level 1:colcon.colcon_core.package_identification:_identify(src/robot_vision) by extension 'colcon_pkg'
[0.171s] Level 1:colcon.colcon_core.package_identification:_identify(src/robot_vision) by extensions ['colcon_meta']
[0.171s] Level 1:colcon.colcon_core.package_identification:_identify(src/robot_vision) by extension 'colcon_meta'
[0.171s] Level 1:colcon.colcon_core.package_identification:_identify(src/robot_vision) by extensions ['ros']
[0.171s] Level 1:colcon.colcon_core.package_identification:_identify(src/robot_vision) by extension 'ros'
[0.172s] DEBUG:colcon.colcon_core.package_identification:Package 'src/robot_vision' with type 'ros.ament_python' and name 'robot_vision'
[0.172s] Level 1:colcon.colcon_core.package_discovery:discover_packages(recursive) using defaults
[0.172s] Level 1:colcon.colcon_core.package_discovery:discover_packages(ignore) discover
[0.172s] Level 1:colcon.colcon_core.package_discovery:discover_packages(ignore) using defaults
[0.172s] Level 1:colcon.colcon_core.package_discovery:discover_packages(path) discover
[0.172s] Level 1:colcon.colcon_core.package_discovery:discover_packages(path) using defaults
[0.189s] Level 1:colcon.colcon_core.package_discovery:discover_packages(prefix_path) check parameters
[0.189s] Level 1:colcon.colcon_core.package_discovery:discover_packages(prefix_path) discover
[0.190s] DEBUG:colcon.colcon_installed_package_information.package_discovery:Found 4 installed packages in /home/atharva/robot_ws/install
[0.190s] DEBUG:colcon.colcon_installed_package_information.package_discovery:Found 2 installed packages in /home/atharva/posha_ws/install
[0.191s] DEBUG:colcon.colcon_installed_package_information.package_discovery:Found 350 installed packages in /opt/ros/humble
[0.192s] Level 1:colcon.colcon_core.package_discovery:discover_packages(prefix_path) using defaults
[0.216s] Level 5:colcon.colcon_core.verb:set package 'pymoveit2' build argument 'cmake_args' from command line to 'None'
[0.216s] Level 5:colcon.colcon_core.verb:set package 'pymoveit2' build argument 'cmake_target' from command line to 'None'
[0.216s] Level 5:colcon.colcon_core.verb:set package 'pymoveit2' build argument 'cmake_target_skip_unavailable' from command line to 'False'
[0.216s] Level 5:colcon.colcon_core.verb:set package 'pymoveit2' build argument 'cmake_clean_cache' from command line to 'False'
[0.216s] Level 5:colcon.colcon_core.verb:set package 'pymoveit2' build argument 'cmake_clean_first' from command line to 'False'
[0.216s] Level 5:colcon.colcon_core.verb:set package 'pymoveit2' build argument 'cmake_force_configure' from command line to 'False'
[0.216s] Level 5:colcon.colcon_core.verb:set package 'pymoveit2' build argument 'ament_cmake_args' from command line to 'None'
[0.216s] Level 5:colcon.colcon_core.verb:set package 'pymoveit2' build argument 'catkin_cmake_args' from command line to 'None'
[0.216s] Level 5:colcon.colcon_core.verb:set package 'pymoveit2' build argument 'catkin_skip_building_tests' from command line to 'False'
[0.216s] DEBUG:colcon.colcon_core.verb:Building package 'pymoveit2' with the following arguments: {'ament_cmake_args': None, 'build_base': '/home/atharva/robot_ws/build/pymoveit2', 'catkin_cmake_args': None, 'catkin_skip_building_tests': False, 'cmake_args': None, 'cmake_clean_cache': False, 'cmake_clean_first': False, 'cmake_force_configure': False, 'cmake_target': None, 'cmake_target_skip_unavailable': False, 'install_base': '/home/atharva/robot_ws/install/pymoveit2', 'merge_install': False, 'path': '/home/atharva/robot_ws/src/pymoveit2', 'symlink_install': False, 'test_result_base': None}
[0.216s] Level 5:colcon.colcon_core.verb:set package 'robot_controller' build argument 'cmake_args' from command line to 'None'
[0.216s] Level 5:colcon.colcon_core.verb:set package 'robot_controller' build argument 'cmake_target' from command line to 'None'
[0.216s] Level 5:colcon.colcon_core.verb:set package 'robot_controller' build argument 'cmake_target_skip_unavailable' from command line to 'False'
[0.216s] Level 5:colcon.colcon_core.verb:set package 'robot_controller' build argument 'cmake_clean_cache' from command line to 'False'
[0.216s] Level 5:colcon.colcon_core.verb:set package 'robot_controller' build argument 'cmake_clean_first' from command line to 'False'
[0.216s] Level 5:colcon.colcon_core.verb:set package 'robot_controller' build argument 'cmake_force_configure' from command line to 'False'
[0.216s] Level 5:colcon.colcon_core.verb:set package 'robot_controller' build argument 'ament_cmake_args' from command line to 'None'
[0.216s] Level 5:colcon.colcon_core.verb:set package 'robot_controller' build argument 'catkin_cmake_args' from command line to 'None'
[0.216s] Level 5:colcon.colcon_core.verb:set package 'robot_controller' build argument 'catkin_skip_building_tests' from command line to 'False'
[0.216s] DEBUG:colcon.colcon_core.verb:Building package 'robot_controller' with the following arguments: {'ament_cmake_args': None, 'build_base': '/home/atharva/robot_ws/build/robot_controller', 'catkin_cmake_args': None, 'catkin_skip_building_tests': False, 'cmake_args': None, 'cmake_clean_cache': False, 'cmake_clean_first': False, 'cmake_force_configure': False, 'cmake_target': None, 'cmake_target_skip_unavailable': False, 'install_base': '/home/atharva/robot_ws/install/robot_controller', 'merge_install': False, 'path': '/home/atharva/robot_ws/src/robot_controller', 'symlink_install': False, 'test_result_base': None}
[0.216s] Level 5:colcon.colcon_core.verb:set package 'robot_description' build argument 'cmake_args' from command line to 'None'
[0.216s] Level 5:colcon.colcon_core.verb:set package 'robot_description' build argument 'cmake_target' from command line to 'None'
[0.216s] Level 5:colcon.colcon_core.verb:set package 'robot_description' build argument 'cmake_target_skip_unavailable' from command line to 'False'
[0.216s] Level 5:colcon.colcon_core.verb:set package 'robot_description' build argument 'cmake_clean_cache' from command line to 'False'
[0.216s] Level 5:colcon.colcon_core.verb:set package 'robot_description' build argument 'cmake_clean_first' from command line to 'False'
[0.217s] Level 5:colcon.colcon_core.verb:set package 'robot_description' build argument 'cmake_force_configure' from command line to 'False'
[0.217s] Level 5:colcon.colcon_core.verb:set package 'robot_description' build argument 'ament_cmake_args' from command line to 'None'
[0.217s] Level 5:colcon.colcon_core.verb:set package 'robot_description' build argument 'catkin_cmake_args' from command line to 'None'
[0.217s] Level 5:colcon.colcon_core.verb:set package 'robot_description' build argument 'catkin_skip_building_tests' from command line to 'False'
[0.217s] DEBUG:colcon.colcon_core.verb:Building package 'robot_description' with the following arguments: {'ament_cmake_args': None, 'build_base': '/home/atharva/robot_ws/build/robot_description', 'catkin_cmake_args': None, 'catkin_skip_building_tests': False, 'cmake_args': None, 'cmake_clean_cache': False, 'cmake_clean_first': False, 'cmake_force_configure': False, 'cmake_target': None, 'cmake_target_skip_unavailable': False, 'install_base': '/home/atharva/robot_ws/install/robot_description', 'merge_install': False, 'path': '/home/atharva/robot_ws/src/robot_description', 'symlink_install': False, 'test_result_base': None}
[0.217s] Level 5:colcon.colcon_core.verb:set package 'robot_vision' build argument 'cmake_args' from command line to 'None'
[0.217s] Level 5:colcon.colcon_core.verb:set package 'robot_vision' build argument 'cmake_target' from command line to 'None'
[0.217s] Level 5:colcon.colcon_core.verb:set package 'robot_vision' build argument 'cmake_target_skip_unavailable' from command line to 'False'
[0.217s] Level 5:colcon.colcon_core.verb:set package 'robot_vision' build argument 'cmake_clean_cache' from command line to 'False'
[0.217s] Level 5:colcon.colcon_core.verb:set package 'robot_vision' build argument 'cmake_clean_first' from command line to 'False'
[0.217s] Level 5:colcon.colcon_core.verb:set package 'robot_vision' build argument 'cmake_force_configure' from command line to 'False'
[0.217s] Level 5:colcon.colcon_core.verb:set package 'robot_vision' build argument 'ament_cmake_args' from command line to 'None'
[0.217s] Level 5:colcon.colcon_core.verb:set package 'robot_vision' build argument 'catkin_cmake_args' from command line to 'None'
[0.217s] Level 5:colcon.colcon_core.verb:set package 'robot_vision' build argument 'catkin_skip_building_tests' from command line to 'False'
[0.217s] DEBUG:colcon.colcon_core.verb:Building package 'robot_vision' with the following arguments: {'ament_cmake_args': None, 'build_base': '/home/atharva/robot_ws/build/robot_vision', 'catkin_cmake_args': None, 'catkin_skip_building_tests': False, 'cmake_args': None, 'cmake_clean_cache': False, 'cmake_clean_first': False, 'cmake_force_configure': False, 'cmake_target': None, 'cmake_target_skip_unavailable': False, 'install_base': '/home/atharva/robot_ws/install/robot_vision', 'merge_install': False, 'path': '/home/atharva/robot_ws/src/robot_vision', 'symlink_install': False, 'test_result_base': None}
[0.217s] Level 5:colcon.colcon_core.verb:set package 'robot_bringup' build argument 'cmake_args' from command line to 'None'
[0.217s] Level 5:colcon.colcon_core.verb:set package 'robot_bringup' build argument 'cmake_target' from command line to 'None'
[0.217s] Level 5:colcon.colcon_core.verb:set package 'robot_bringup' build argument 'cmake_target_skip_unavailable' from command line to 'False'
[0.217s] Level 5:colcon.colcon_core.verb:set package 'robot_bringup' build argument 'cmake_clean_cache' from command line to 'False'
[0.217s] Level 5:colcon.colcon_core.verb:set package 'robot_bringup' build argument 'cmake_clean_first' from command line to 'False'
[0.217s] Level 5:colcon.colcon_core.verb:set package 'robot_bringup' build argument 'cmake_force_configure' from command line to 'False'
[0.217s] Level 5:colcon.colcon_core.verb:set package 'robot_bringup' build argument 'ament_cmake_args' from command line to 'None'
[0.217s] Level 5:colcon.colcon_core.verb:set package 'robot_bringup' build argument 'catkin_cmake_args' from command line to 'None'
[0.217s] Level 5:colcon.colcon_core.verb:set package 'robot_bringup' build argument 'catkin_skip_building_tests' from command line to 'False'
[0.217s] DEBUG:colcon.colcon_core.verb:Building package 'robot_bringup' with the following arguments: {'ament_cmake_args': None, 'build_base': '/home/atharva/robot_ws/build/robot_bringup', 'catkin_cmake_args': None, 'catkin_skip_building_tests': False, 'cmake_args': None, 'cmake_clean_cache': False, 'cmake_clean_first': False, 'cmake_force_configure': False, 'cmake_target': None, 'cmake_target_skip_unavailable': False, 'install_base': '/home/atharva/robot_ws/install/robot_bringup', 'merge_install': False, 'path': '/home/atharva/robot_ws/src/robot_bringup', 'symlink_install': False, 'test_result_base': None}
[0.217s] Level 5:colcon.colcon_core.verb:set package 'robot_moveit' build argument 'cmake_args' from command line to 'None'
[0.217s] Level 5:colcon.colcon_core.verb:set package 'robot_moveit' build argument 'cmake_target' from command line to 'None'
[0.217s] Level 5:colcon.colcon_core.verb:set package 'robot_moveit' build argument 'cmake_target_skip_unavailable' from command line to 'False'
[0.217s] Level 5:colcon.colcon_core.verb:set package 'robot_moveit' build argument 'cmake_clean_cache' from command line to 'False'
[0.217s] Level 5:colcon.colcon_core.verb:set package 'robot_moveit' build argument 'cmake_clean_first' from command line to 'False'
[0.217s] Level 5:colcon.colcon_core.verb:set package 'robot_moveit' build argument 'cmake_force_configure' from command line to 'False'
[0.217s] Level 5:colcon.colcon_core.verb:set package 'robot_moveit' build argument 'ament_cmake_args' from command line to 'None'
[0.217s] Level 5:colcon.colcon_core.verb:set package 'robot_moveit' build argument 'catkin_cmake_args' from command line to 'None'
[0.217s] Level 5:colcon.colcon_core.verb:set package 'robot_moveit' build argument 'catkin_skip_building_tests' from command line to 'False'
[0.217s] DEBUG:colcon.colcon_core.verb:Building package 'robot_moveit' with the following arguments: {'ament_cmake_args': None, 'build_base': '/home/atharva/robot_ws/build/robot_moveit', 'catkin_cmake_args': None, 'catkin_skip_building_tests': False, 'cmake_args': None, 'cmake_clean_cache': False, 'cmake_clean_first': False, 'cmake_force_configure': False, 'cmake_target': None, 'cmake_target_skip_unavailable': False, 'install_base': '/home/atharva/robot_ws/install/robot_moveit', 'merge_install': False, 'path': '/home/atharva/robot_ws/src/robot_moveit', 'symlink_install': False, 'test_result_base': None}
[0.218s] INFO:colcon.colcon_core.executor:Executing jobs using 'parallel' executor
[0.219s] DEBUG:colcon.colcon_parallel_executor.executor.parallel:run_until_complete
[0.219s] INFO:colcon.colcon_ros.task.ament_cmake.build:Building ROS package in '/home/atharva/robot_ws/src/pymoveit2' with build type 'ament_cmake'
[0.219s] INFO:colcon.colcon_cmake.task.cmake.build:Building CMake package in '/home/atharva/robot_ws/src/pymoveit2'
[0.220s] INFO:colcon.colcon_core.plugin_system:Skipping extension 'colcon_core.shell.bat': Not used on non-Windows systems
[0.220s] INFO:colcon.colcon_core.shell:Skip shell extension 'powershell' for command environment: Not usable outside of PowerShell
[0.220s] DEBUG:colcon.colcon_core.shell:Skip shell extension 'dsv' for command environment
[0.222s] INFO:colcon.colcon_ros.task.ament_cmake.build:Building ROS package in '/home/atharva/robot_ws/src/robot_description' with build type 'ament_cmake'
[0.222s] INFO:colcon.colcon_cmake.task.cmake.build:Building CMake package in '/home/atharva/robot_ws/src/robot_description'
[0.222s] INFO:colcon.colcon_core.shell:Skip shell extension 'powershell' for command environment: Not usable outside of PowerShell
[0.222s] DEBUG:colcon.colcon_core.shell:Skip shell extension 'dsv' for command environment
[0.224s] INFO:colcon.colcon_ros.task.ament_cmake.build:Building ROS package in '/home/atharva/robot_ws/src/robot_controller' with build type 'ament_cmake'
[0.224s] INFO:colcon.colcon_cmake.task.cmake.build:Building CMake package in '/home/atharva/robot_ws/src/robot_controller'
[0.224s] INFO:colcon.colcon_core.shell:Skip shell extension 'powershell' for command environment: Not usable outside of PowerShell
[0.224s] DEBUG:colcon.colcon_core.shell:Skip shell extension 'dsv' for command environment
[0.226s] INFO:colcon.colcon_ros.task.ament_python.build:Building ROS package in '/home/atharva/robot_ws/src/robot_vision' with build type 'ament_python'
[0.226s] Level 1:colcon.colcon_core.shell:create_environment_hook('robot_vision', 'ament_prefix_path')
[0.226s] INFO:colcon.colcon_core.shell:Creating environment hook '/home/atharva/robot_ws/install/robot_vision/share/robot_vision/hook/ament_prefix_path.ps1'
[0.226s] INFO:colcon.colcon_core.shell:Creating environment descriptor '/home/atharva/robot_ws/install/robot_vision/share/robot_vision/hook/ament_prefix_path.dsv'
[0.227s] INFO:colcon.colcon_core.shell:Creating environment hook '/home/atharva/robot_ws/install/robot_vision/share/robot_vision/hook/ament_prefix_path.sh'
[0.227s] INFO:colcon.colcon_core.shell:Skip shell extension 'powershell' for command environment: Not usable outside of PowerShell
[0.227s] DEBUG:colcon.colcon_core.shell:Skip shell extension 'dsv' for command environment
[0.233s] DEBUG:colcon.colcon_core.event_handler.log_command:Invoking command in '/home/atharva/robot_ws/build/pymoveit2': CMAKE_PREFIX_PATH=${CMAKE_PREFIX_PATH}:/home/atharva/robot_ws/install/robot_vision:/opt/ros/humble /usr/bin/cmake /home/atharva/robot_ws/src/pymoveit2 -DCMAKE_INSTALL_PREFIX=/home/atharva/robot_ws/install/pymoveit2
[0.234s] DEBUG:colcon.colcon_core.event_handler.log_command:Invoking command in '/home/atharva/robot_ws/build/robot_description': CMAKE_PREFIX_PATH=${CMAKE_PREFIX_PATH}:/home/atharva/robot_ws/install/robot_vision:/opt/ros/humble /usr/bin/cmake --build /home/atharva/robot_ws/build/robot_description -- -j20 -l20
[0.235s] DEBUG:colcon.colcon_core.event_handler.log_command:Invoking command in '/home/atharva/robot_ws/build/robot_controller': CMAKE_PREFIX_PATH=${CMAKE_PREFIX_PATH}:/home/atharva/robot_ws/install/robot_vision:/opt/ros/humble /usr/bin/cmake --build /home/atharva/robot_ws/build/robot_controller -- -j20 -l20
[0.397s] INFO:colcon.colcon_core.task.python.build:Building Python package in '/home/atharva/robot_ws/src/robot_vision'
[0.397s] INFO:colcon.colcon_core.shell:Skip shell extension 'powershell' for command environment: Not usable outside of PowerShell
[0.397s] DEBUG:colcon.colcon_core.shell:Skip shell extension 'dsv' for command environment
[0.400s] DEBUG:colcon.colcon_core.event_handler.log_command:Invoked command in '/home/atharva/robot_ws/build/robot_description' returned '0': CMAKE_PREFIX_PATH=${CMAKE_PREFIX_PATH}:/home/atharva/robot_ws/install/robot_vision:/opt/ros/humble /usr/bin/cmake --build /home/atharva/robot_ws/build/robot_description -- -j20 -l20
[0.409s] DEBUG:colcon.colcon_core.event_handler.log_command:Invoking command in '/home/atharva/robot_ws/build/robot_description': CMAKE_PREFIX_PATH=${CMAKE_PREFIX_PATH}:/home/atharva/robot_ws/install/robot_vision:/opt/ros/humble /usr/bin/cmake --install /home/atharva/robot_ws/build/robot_description
[0.418s] Level 1:colcon.colcon_core.environment:create_environment_scripts_only(robot_description)
[0.420s] DEBUG:colcon.colcon_core.event_handler.log_command:Invoked command in '/home/atharva/robot_ws/build/robot_description' returned '0': CMAKE_PREFIX_PATH=${CMAKE_PREFIX_PATH}:/home/atharva/robot_ws/install/robot_vision:/opt/ros/humble /usr/bin/cmake --install /home/atharva/robot_ws/build/robot_description
[0.421s] Level 1:colcon.colcon_core.environment:checking '/home/atharva/robot_ws/install/robot_description' for CMake module files
[0.421s] Level 1:colcon.colcon_core.environment:checking '/home/atharva/robot_ws/install/robot_description' for CMake config files
[0.421s] Level 1:colcon.colcon_core.shell:create_environment_hook('robot_description', 'cmake_prefix_path')
[0.421s] INFO:colcon.colcon_core.shell:Creating environment hook '/home/atharva/robot_ws/install/robot_description/share/robot_description/hook/cmake_prefix_path.ps1'
[0.422s] INFO:colcon.colcon_core.shell:Creating environment descriptor '/home/atharva/robot_ws/install/robot_description/share/robot_description/hook/cmake_prefix_path.dsv'
[0.422s] INFO:colcon.colcon_core.shell:Creating environment hook '/home/atharva/robot_ws/install/robot_description/share/robot_description/hook/cmake_prefix_path.sh'
[0.422s] Level 1:colcon.colcon_core.environment:checking '/home/atharva/robot_ws/install/robot_description/bin'
[0.422s] Level 1:colcon.colcon_core.environment:checking '/home/atharva/robot_ws/install/robot_description/lib/pkgconfig/robot_description.pc'
[0.423s] Level 1:colcon.colcon_core.environment:checking '/home/atharva/robot_ws/install/robot_description/lib/python3.10/site-packages'
[0.423s] Level 1:colcon.colcon_core.environment:checking '/home/atharva/robot_ws/install/robot_description/bin'
[0.423s] INFO:colcon.colcon_core.shell:Creating package script '/home/atharva/robot_ws/install/robot_description/share/robot_description/package.ps1'
[0.423s] INFO:colcon.colcon_core.shell:Creating package descriptor '/home/atharva/robot_ws/install/robot_description/share/robot_description/package.dsv'
[0.424s] INFO:colcon.colcon_core.shell:Creating package script '/home/atharva/robot_ws/install/robot_description/share/robot_description/package.sh'
[0.424s] INFO:colcon.colcon_core.shell:Creating package script '/home/atharva/robot_ws/install/robot_description/share/robot_description/package.bash'
[0.425s] INFO:colcon.colcon_core.shell:Creating package script '/home/atharva/robot_ws/install/robot_description/share/robot_description/package.zsh'
[0.425s] Level 1:colcon.colcon_core.environment:create_file_with_runtime_dependencies(/home/atharva/robot_ws/install/robot_description/share/colcon-core/packages/robot_description)
[0.425s] Level 1:colcon.colcon_core.environment:create_environment_scripts_only(robot_description)
[0.426s] Level 1:colcon.colcon_core.environment:checking '/home/atharva/robot_ws/install/robot_description' for CMake module files
[0.426s] Level 1:colcon.colcon_core.environment:checking '/home/atharva/robot_ws/install/robot_description' for CMake config files
[0.426s] Level 1:colcon.colcon_core.shell:create_environment_hook('robot_description', 'cmake_prefix_path')
[0.426s] INFO:colcon.colcon_core.shell:Creating environment hook '/home/atharva/robot_ws/install/robot_description/share/robot_description/hook/cmake_prefix_path.ps1'
[0.426s] INFO:colcon.colcon_core.shell:Creating environment descriptor '/home/atharva/robot_ws/install/robot_description/share/robot_description/hook/cmake_prefix_path.dsv'
[0.427s] INFO:colcon.colcon_core.shell:Creating environment hook '/home/atharva/robot_ws/install/robot_description/share/robot_description/hook/cmake_prefix_path.sh'
[0.427s] Level 1:colcon.colcon_core.environment:checking '/home/atharva/robot_ws/install/robot_description/bin'
[0.427s] Level 1:colcon.colcon_core.environment:checking '/home/atharva/robot_ws/install/robot_description/lib/pkgconfig/robot_description.pc'
[0.427s] Level 1:colcon.colcon_core.environment:checking '/home/atharva/robot_ws/install/robot_description/lib/python3.10/site-packages'
[0.427s] Level 1:colcon.colcon_core.environment:checking '/home/atharva/robot_ws/install/robot_description/bin'
[0.427s] INFO:colcon.colcon_core.shell:Creating package script '/home/atharva/robot_ws/install/robot_description/share/robot_description/package.ps1'
[0.428s] INFO:colcon.colcon_core.shell:Creating package descriptor '/home/atharva/robot_ws/install/robot_description/share/robot_description/package.dsv'
[0.428s] INFO:colcon.colcon_core.shell:Creating package script '/home/atharva/robot_ws/install/robot_description/share/robot_description/package.sh'
[0.428s] INFO:colcon.colcon_core.shell:Creating package script '/home/atharva/robot_ws/install/robot_description/share/robot_description/package.bash'
[0.428s] INFO:colcon.colcon_core.shell:Creating package script '/home/atharva/robot_ws/install/robot_description/share/robot_description/package.zsh'
[0.429s] Level 1:colcon.colcon_core.environment:create_file_with_runtime_dependencies(/home/atharva/robot_ws/install/robot_description/share/colcon-core/packages/robot_description)
[0.429s] INFO:colcon.colcon_ros.task.ament_cmake.build:Building ROS package in '/home/atharva/robot_ws/src/robot_moveit' with build type 'ament_cmake'
[0.429s] INFO:colcon.colcon_cmake.task.cmake.build:Building CMake package in '/home/atharva/robot_ws/src/robot_moveit'
[0.429s] INFO:colcon.colcon_core.shell:Skip shell extension 'powershell' for command environment: Not usable outside of PowerShell
[0.429s] DEBUG:colcon.colcon_core.shell:Skip shell extension 'dsv' for command environment
[0.432s] DEBUG:colcon.colcon_core.event_handler.log_command:Invoked command in '/home/atharva/robot_ws/build/robot_controller' returned '0': CMAKE_PREFIX_PATH=${CMAKE_PREFIX_PATH}:/home/atharva/robot_ws/install/robot_vision:/opt/ros/humble /usr/bin/cmake --build /home/atharva/robot_ws/build/robot_controller -- -j20 -l20
[0.433s] DEBUG:colcon.colcon_core.event_handler.log_command:Invoking command in '/home/atharva/robot_ws/build/robot_controller': CMAKE_PREFIX_PATH=${CMAKE_PREFIX_PATH}:/home/atharva/robot_ws/install/robot_vision:/opt/ros/humble /usr/bin/cmake --install /home/atharva/robot_ws/build/robot_controller
[0.435s] DEBUG:colcon.colcon_core.event_handler.log_command:Invoking command in '/home/atharva/robot_ws/build/robot_moveit': CMAKE_PREFIX_PATH=/home/atharva/robot_ws/install/robot_description:/home/atharva/robot_ws/install/robot_moveit:/home/atharva/robot_ws/install/robot_controller:/home/atharva/posha_ws/install/bot_description:/home/atharva/posha_ws/install/bot_controller:/home/atharva/robot_ws/install/robot_vision:/opt/ros/humble /usr/bin/cmake --build /home/atharva/robot_ws/build/robot_moveit -- -j20 -l20
[0.460s] DEBUG:colcon.colcon_core.event_handler.log_command:Invoked command in '/home/atharva/robot_ws/build/robot_moveit' returned '0': CMAKE_PREFIX_PATH=/home/atharva/robot_ws/install/robot_description:/home/atharva/robot_ws/install/robot_moveit:/home/atharva/robot_ws/install/robot_controller:/home/atharva/posha_ws/install/bot_description:/home/atharva/posha_ws/install/bot_controller:/home/atharva/robot_ws/install/robot_vision:/opt/ros/humble /usr/bin/cmake --build /home/atharva/robot_ws/build/robot_moveit -- -j20 -l20
[0.461s] DEBUG:colcon.colcon_core.event_handler.log_command:Invoking command in '/home/atharva/robot_ws/build/robot_moveit': CMAKE_PREFIX_PATH=/home/atharva/robot_ws/install/robot_description:/home/atharva/robot_ws/install/robot_moveit:/home/atharva/robot_ws/install/robot_controller:/home/atharva/posha_ws/install/bot_description:/home/atharva/posha_ws/install/bot_controller:/home/atharva/robot_ws/install/robot_vision:/opt/ros/humble /usr/bin/cmake --install /home/atharva/robot_ws/build/robot_moveit
[0.463s] Level 1:colcon.colcon_core.environment:create_environment_scripts_only(robot_controller)
[0.463s] DEBUG:colcon.colcon_core.event_handler.log_command:Invoked command in '/home/atharva/robot_ws/build/robot_controller' returned '0': CMAKE_PREFIX_PATH=${CMAKE_PREFIX_PATH}:/home/atharva/robot_ws/install/robot_vision:/opt/ros/humble /usr/bin/cmake --install /home/atharva/robot_ws/build/robot_controller
[0.464s] Level 1:colcon.colcon_core.environment:checking '/home/atharva/robot_ws/install/robot_controller' for CMake module files
[0.464s] Level 1:colcon.colcon_core.environment:checking '/home/atharva/robot_ws/install/robot_controller' for CMake config files
[0.464s] Level 1:colcon.colcon_core.shell:create_environment_hook('robot_controller', 'cmake_prefix_path')
[0.464s] INFO:colcon.colcon_core.shell:Creating environment hook '/home/atharva/robot_ws/install/robot_controller/share/robot_controller/hook/cmake_prefix_path.ps1'
[0.464s] INFO:colcon.colcon_core.shell:Creating environment descriptor '/home/atharva/robot_ws/install/robot_controller/share/robot_controller/hook/cmake_prefix_path.dsv'
[0.464s] INFO:colcon.colcon_core.shell:Creating environment hook '/home/atharva/robot_ws/install/robot_controller/share/robot_controller/hook/cmake_prefix_path.sh'
[0.465s] Level 1:colcon.colcon_core.environment:checking '/home/atharva/robot_ws/install/robot_controller/lib'
[0.465s] Level 1:colcon.colcon_core.environment:checking '/home/atharva/robot_ws/install/robot_controller/bin'
[0.465s] Level 1:colcon.colcon_core.environment:checking '/home/atharva/robot_ws/install/robot_controller/lib/pkgconfig/robot_controller.pc'
[0.465s] Level 1:colcon.colcon_core.environment:checking '/home/atharva/robot_ws/install/robot_controller/lib/python3.10/site-packages'
[0.465s] Level 1:colcon.colcon_core.environment:checking '/home/atharva/robot_ws/install/robot_controller/bin'
[0.465s] INFO:colcon.colcon_core.shell:Creating package script '/home/atharva/robot_ws/install/robot_controller/share/robot_controller/package.ps1'
[0.466s] INFO:colcon.colcon_core.shell:Creating package descriptor '/home/atharva/robot_ws/install/robot_controller/share/robot_controller/package.dsv'
[0.466s] INFO:colcon.colcon_core.shell:Creating package script '/home/atharva/robot_ws/install/robot_controller/share/robot_controller/package.sh'
[0.466s] INFO:colcon.colcon_core.shell:Creating package script '/home/atharva/robot_ws/install/robot_controller/share/robot_controller/package.bash'
[0.466s] INFO:colcon.colcon_core.shell:Creating package script '/home/atharva/robot_ws/install/robot_controller/share/robot_controller/package.zsh'
[0.466s] Level 1:colcon.colcon_core.environment:create_file_with_runtime_dependencies(/home/atharva/robot_ws/install/robot_controller/share/colcon-core/packages/robot_controller)
[0.467s] Level 1:colcon.colcon_core.environment:create_environment_scripts_only(robot_controller)
[0.467s] Level 1:colcon.colcon_core.environment:checking '/home/atharva/robot_ws/install/robot_controller' for CMake module files
[0.467s] Level 1:colcon.colcon_core.environment:checking '/home/atharva/robot_ws/install/robot_controller' for CMake config files
[0.469s] Level 1:colcon.colcon_core.shell:create_environment_hook('robot_controller', 'cmake_prefix_path')
[0.469s] INFO:colcon.colcon_core.shell:Creating environment hook '/home/atharva/robot_ws/install/robot_controller/share/robot_controller/hook/cmake_prefix_path.ps1'
[0.469s] INFO:colcon.colcon_core.shell:Creating environment descriptor '/home/atharva/robot_ws/install/robot_controller/share/robot_controller/hook/cmake_prefix_path.dsv'
[0.469s] INFO:colcon.colcon_core.shell:Creating environment hook '/home/atharva/robot_ws/install/robot_controller/share/robot_controller/hook/cmake_prefix_path.sh'
[0.469s] Level 1:colcon.colcon_core.environment:checking '/home/atharva/robot_ws/install/robot_controller/lib'
[0.469s] Level 1:colcon.colcon_core.environment:checking '/home/atharva/robot_ws/install/robot_controller/bin'
[0.469s] Level 1:colcon.colcon_core.environment:checking '/home/atharva/robot_ws/install/robot_controller/lib/pkgconfig/robot_controller.pc'
[0.469s] Level 1:colcon.colcon_core.environment:checking '/home/atharva/robot_ws/install/robot_controller/lib/python3.10/site-packages'
[0.470s] Level 1:colcon.colcon_core.environment:checking '/home/atharva/robot_ws/install/robot_controller/bin'
[0.470s] INFO:colcon.colcon_core.shell:Creating package script '/home/atharva/robot_ws/install/robot_controller/share/robot_controller/package.ps1'
[0.470s] INFO:colcon.colcon_core.shell:Creating package descriptor '/home/atharva/robot_ws/install/robot_controller/share/robot_controller/package.dsv'
[0.470s] INFO:colcon.colcon_core.shell:Creating package script '/home/atharva/robot_ws/install/robot_controller/share/robot_controller/package.sh'
[0.470s] INFO:colcon.colcon_core.shell:Creating package script '/home/atharva/robot_ws/install/robot_controller/share/robot_controller/package.bash'
[0.471s] INFO:colcon.colcon_core.shell:Creating package script '/home/atharva/robot_ws/install/robot_controller/share/robot_controller/package.zsh'
[0.471s] Level 1:colcon.colcon_core.environment:create_file_with_runtime_dependencies(/home/atharva/robot_ws/install/robot_controller/share/colcon-core/packages/robot_controller)
[0.471s] Level 1:colcon.colcon_core.environment:create_environment_scripts_only(robot_moveit)
[0.471s] DEBUG:colcon.colcon_core.event_handler.log_command:Invoked command in '/home/atharva/robot_ws/build/robot_moveit' returned '0': CMAKE_PREFIX_PATH=/home/atharva/robot_ws/install/robot_description:/home/atharva/robot_ws/install/robot_moveit:/home/atharva/robot_ws/install/robot_controller:/home/atharva/posha_ws/install/bot_description:/home/atharva/posha_ws/install/bot_controller:/home/atharva/robot_ws/install/robot_vision:/opt/ros/humble /usr/bin/cmake --install /home/atharva/robot_ws/build/robot_moveit
[0.472s] Level 1:colcon.colcon_core.environment:checking '/home/atharva/robot_ws/install/robot_moveit' for CMake module files
[0.472s] Level 1:colcon.colcon_core.environment:checking '/home/atharva/robot_ws/install/robot_moveit' for CMake config files
[0.472s] Level 1:colcon.colcon_core.shell:create_environment_hook('robot_moveit', 'cmake_prefix_path')
[0.472s] INFO:colcon.colcon_core.shell:Creating environment hook '/home/atharva/robot_ws/install/robot_moveit/share/robot_moveit/hook/cmake_prefix_path.ps1'
[0.472s] INFO:colcon.colcon_core.shell:Creating environment descriptor '/home/atharva/robot_ws/install/robot_moveit/share/robot_moveit/hook/cmake_prefix_path.dsv'
[0.473s] INFO:colcon.colcon_core.shell:Creating environment hook '/home/atharva/robot_ws/install/robot_moveit/share/robot_moveit/hook/cmake_prefix_path.sh'
[0.473s] Level 1:colcon.colcon_core.environment:checking '/home/atharva/robot_ws/install/robot_moveit/bin'
[0.473s] Level 1:colcon.colcon_core.environment:checking '/home/atharva/robot_ws/install/robot_moveit/lib/pkgconfig/robot_moveit.pc'
[0.473s] Level 1:colcon.colcon_core.environment:checking '/home/atharva/robot_ws/install/robot_moveit/lib/python3.10/site-packages'
[0.473s] Level 1:colcon.colcon_core.environment:checking '/home/atharva/robot_ws/install/robot_moveit/bin'
[0.473s] INFO:colcon.colcon_core.shell:Creating package script '/home/atharva/robot_ws/install/robot_moveit/share/robot_moveit/package.ps1'
[0.474s] INFO:colcon.colcon_core.shell:Creating package descriptor '/home/atharva/robot_ws/install/robot_moveit/share/robot_moveit/package.dsv'
[0.474s] INFO:colcon.colcon_core.shell:Creating package script '/home/atharva/robot_ws/install/robot_moveit/share/robot_moveit/package.sh'
[0.474s] INFO:colcon.colcon_core.shell:Creating package script '/home/atharva/robot_ws/install/robot_moveit/share/robot_moveit/package.bash'
[0.474s] INFO:colcon.colcon_core.shell:Creating package script '/home/atharva/robot_ws/install/robot_moveit/share/robot_moveit/package.zsh'
[0.474s] Level 1:colcon.colcon_core.environment:create_file_with_runtime_dependencies(/home/atharva/robot_ws/install/robot_moveit/share/colcon-core/packages/robot_moveit)
[0.474s] Level 1:colcon.colcon_core.environment:create_environment_scripts_only(robot_moveit)
[0.475s] Level 1:colcon.colcon_core.environment:checking '/home/atharva/robot_ws/install/robot_moveit' for CMake module files
[0.475s] Level 1:colcon.colcon_core.environment:checking '/home/atharva/robot_ws/install/robot_moveit' for CMake config files
[0.475s] Level 1:colcon.colcon_core.shell:create_environment_hook('robot_moveit', 'cmake_prefix_path')
[0.475s] INFO:colcon.colcon_core.shell:Creating environment hook '/home/atharva/robot_ws/install/robot_moveit/share/robot_moveit/hook/cmake_prefix_path.ps1'
[0.475s] INFO:colcon.colcon_core.shell:Creating environment descriptor '/home/atharva/robot_ws/install/robot_moveit/share/robot_moveit/hook/cmake_prefix_path.dsv'
[0.475s] INFO:colcon.colcon_core.shell:Creating environment hook '/home/atharva/robot_ws/install/robot_moveit/share/robot_moveit/hook/cmake_prefix_path.sh'
[0.475s] Level 1:colcon.colcon_core.environment:checking '/home/atharva/robot_ws/install/robot_moveit/bin'
[0.475s] Level 1:colcon.colcon_core.environment:checking '/home/atharva/robot_ws/install/robot_moveit/lib/pkgconfig/robot_moveit.pc'
[0.476s] Level 1:colcon.colcon_core.environment:checking '/home/atharva/robot_ws/install/robot_moveit/lib/python3.10/site-packages'
[0.476s] Level 1:colcon.colcon_core.environment:checking '/home/atharva/robot_ws/install/robot_moveit/bin'
[0.476s] INFO:colcon.colcon_core.shell:Creating package script '/home/atharva/robot_ws/install/robot_moveit/share/robot_moveit/package.ps1'
[0.476s] INFO:colcon.colcon_core.shell:Creating package descriptor '/home/atharva/robot_ws/install/robot_moveit/share/robot_moveit/package.dsv'
[0.476s] INFO:colcon.colcon_core.shell:Creating package script '/home/atharva/robot_ws/install/robot_moveit/share/robot_moveit/package.sh'
[0.477s] INFO:colcon.colcon_core.shell:Creating package script '/home/atharva/robot_ws/install/robot_moveit/share/robot_moveit/package.bash'
[0.477s] INFO:colcon.colcon_core.shell:Creating package script '/home/atharva/robot_ws/install/robot_moveit/share/robot_moveit/package.zsh'
[0.477s] Level 1:colcon.colcon_core.environment:create_file_with_runtime_dependencies(/home/atharva/robot_ws/install/robot_moveit/share/colcon-core/packages/robot_moveit)
[0.619s] DEBUG:colcon.colcon_core.event_handler.log_command:Invoking command in '/home/atharva/robot_ws/src/robot_vision': PYTHONPATH=/home/atharva/robot_ws/build/robot_vision/prefix_override:/usr/lib/python3/dist-packages/colcon_core/task/python/colcon_distutils_commands:/home/atharva/robot_ws/install/robot_vision/lib/python3.10/site-packages:${PYTHONPATH} /usr/bin/python3 -W ignore:setup.py install is deprecated -W ignore:easy_install command is deprecated setup.py egg_info --egg-base ../../build/robot_vision build --build-base /home/atharva/robot_ws/build/robot_vision/build install --record /home/atharva/robot_ws/build/robot_vision/install.log --single-version-externally-managed install_data
[0.681s] DEBUG:colcon.colcon_core.event_handler.log_command:Invoked command in '/home/atharva/robot_ws/build/pymoveit2' returned '0': CMAKE_PREFIX_PATH=${CMAKE_PREFIX_PATH}:/home/atharva/robot_ws/install/robot_vision:/opt/ros/humble /usr/bin/cmake /home/atharva/robot_ws/src/pymoveit2 -DCMAKE_INSTALL_PREFIX=/home/atharva/robot_ws/install/pymoveit2
[0.681s] DEBUG:colcon.colcon_core.event_handler.log_command:Invoking command in '/home/atharva/robot_ws/build/pymoveit2': CMAKE_PREFIX_PATH=${CMAKE_PREFIX_PATH}:/home/atharva/robot_ws/install/robot_vision:/opt/ros/humble /usr/bin/cmake --build /home/atharva/robot_ws/build/pymoveit2 -- -j20 -l20
[0.773s] Level 1:colcon.colcon_core.environment:checking '/home/atharva/robot_ws/install/robot_vision' for CMake module files
[0.773s] DEBUG:colcon.colcon_core.event_handler.log_command:Invoked command in '/home/atharva/robot_ws/src/robot_vision' returned '0': PYTHONPATH=/home/atharva/robot_ws/build/robot_vision/prefix_override:/usr/lib/python3/dist-packages/colcon_core/task/python/colcon_distutils_commands:/home/atharva/robot_ws/install/robot_vision/lib/python3.10/site-packages:${PYTHONPATH} /usr/bin/python3 -W ignore:setup.py install is deprecated -W ignore:easy_install command is deprecated setup.py egg_info --egg-base ../../build/robot_vision build --build-base /home/atharva/robot_ws/build/robot_vision/build install --record /home/atharva/robot_ws/build/robot_vision/install.log --single-version-externally-managed install_data
[0.774s] Level 1:colcon.colcon_core.environment:checking '/home/atharva/robot_ws/install/robot_vision' for CMake config files
[0.774s] Level 1:colcon.colcon_core.environment:checking '/home/atharva/robot_ws/install/robot_vision/lib'
[0.774s] Level 1:colcon.colcon_core.environment:checking '/home/atharva/robot_ws/install/robot_vision/bin'
[0.774s] Level 1:colcon.colcon_core.environment:checking '/home/atharva/robot_ws/install/robot_vision/lib/pkgconfig/robot_vision.pc'
[0.774s] Level 1:colcon.colcon_core.environment:checking '/home/atharva/robot_ws/install/robot_vision/lib/python3.10/site-packages'
[0.774s] Level 1:colcon.colcon_core.shell:create_environment_hook('robot_vision', 'pythonpath')
[0.774s] INFO:colcon.colcon_core.shell:Creating environment hook '/home/atharva/robot_ws/install/robot_vision/share/robot_vision/hook/pythonpath.ps1'
[0.774s] INFO:colcon.colcon_core.shell:Creating environment descriptor '/home/atharva/robot_ws/install/robot_vision/share/robot_vision/hook/pythonpath.dsv'
[0.775s] INFO:colcon.colcon_core.shell:Creating environment hook '/home/atharva/robot_ws/install/robot_vision/share/robot_vision/hook/pythonpath.sh'
[0.775s] Level 1:colcon.colcon_core.environment:checking '/home/atharva/robot_ws/install/robot_vision/bin'
[0.775s] Level 1:colcon.colcon_core.environment:create_environment_scripts_only(robot_vision)
[0.775s] INFO:colcon.colcon_core.shell:Creating package script '/home/atharva/robot_ws/install/robot_vision/share/robot_vision/package.ps1'
[0.775s] INFO:colcon.colcon_core.shell:Creating package descriptor '/home/atharva/robot_ws/install/robot_vision/share/robot_vision/package.dsv'
[0.775s] INFO:colcon.colcon_core.shell:Creating package script '/home/atharva/robot_ws/install/robot_vision/share/robot_vision/package.sh'
[0.776s] INFO:colcon.colcon_core.shell:Creating package script '/home/atharva/robot_ws/install/robot_vision/share/robot_vision/package.bash'
[0.776s] INFO:colcon.colcon_core.shell:Creating package script '/home/atharva/robot_ws/install/robot_vision/share/robot_vision/package.zsh'
[0.776s] Level 1:colcon.colcon_core.environment:create_file_with_runtime_dependencies(/home/atharva/robot_ws/install/robot_vision/share/colcon-core/packages/robot_vision)
[0.892s] DEBUG:colcon.colcon_core.event_handler.log_command:Invoked command in '/home/atharva/robot_ws/build/pymoveit2' returned '0': CMAKE_PREFIX_PATH=${CMAKE_PREFIX_PATH}:/home/atharva/robot_ws/install/robot_vision:/opt/ros/humble /usr/bin/cmake --build /home/atharva/robot_ws/build/pymoveit2 -- -j20 -l20
[0.893s] DEBUG:colcon.colcon_core.event_handler.log_command:Invoking command in '/home/atharva/robot_ws/build/pymoveit2': CMAKE_PREFIX_PATH=${CMAKE_PREFIX_PATH}:/home/atharva/robot_ws/install/robot_vision:/opt/ros/humble /usr/bin/cmake --install /home/atharva/robot_ws/build/pymoveit2
[0.943s] Level 1:colcon.colcon_core.environment:create_environment_scripts_only(pymoveit2)
[0.943s] DEBUG:colcon.colcon_core.event_handler.log_command:Invoked command in '/home/atharva/robot_ws/build/pymoveit2' returned '0': CMAKE_PREFIX_PATH=${CMAKE_PREFIX_PATH}:/home/atharva/robot_ws/install/robot_vision:/opt/ros/humble /usr/bin/cmake --install /home/atharva/robot_ws/build/pymoveit2
[0.943s] Level 1:colcon.colcon_core.environment:checking '/home/atharva/robot_ws/install/pymoveit2' for CMake module files
[0.944s] Level 1:colcon.colcon_core.environment:checking '/home/atharva/robot_ws/install/pymoveit2' for CMake config files
[0.944s] Level 1:colcon.colcon_core.shell:create_environment_hook('pymoveit2', 'cmake_prefix_path')
[0.944s] INFO:colcon.colcon_core.shell:Creating environment hook '/home/atharva/robot_ws/install/pymoveit2/share/pymoveit2/hook/cmake_prefix_path.ps1'
[0.945s] INFO:colcon.colcon_core.shell:Creating environment descriptor '/home/atharva/robot_ws/install/pymoveit2/share/pymoveit2/hook/cmake_prefix_path.dsv'
[0.945s] INFO:colcon.colcon_core.shell:Creating environment hook '/home/atharva/robot_ws/install/pymoveit2/share/pymoveit2/hook/cmake_prefix_path.sh'
[0.945s] Level 1:colcon.colcon_core.environment:checking '/home/atharva/robot_ws/install/pymoveit2/lib'
[0.945s] Level 1:colcon.colcon_core.environment:checking '/home/atharva/robot_ws/install/pymoveit2/bin'
[0.945s] Level 1:colcon.colcon_core.environment:checking '/home/atharva/robot_ws/install/pymoveit2/lib/pkgconfig/pymoveit2.pc'
[0.946s] Level 1:colcon.colcon_core.environment:checking '/home/atharva/robot_ws/install/pymoveit2/lib/python3.10/site-packages'
[0.946s] Level 1:colcon.colcon_core.environment:checking '/home/atharva/robot_ws/install/pymoveit2/bin'
[0.946s] INFO:colcon.colcon_core.shell:Creating package script '/home/atharva/robot_ws/install/pymoveit2/share/pymoveit2/package.ps1'
[0.947s] INFO:colcon.colcon_core.shell:Creating package descriptor '/home/atharva/robot_ws/install/pymoveit2/share/pymoveit2/package.dsv'
[0.947s] INFO:colcon.colcon_core.shell:Creating package script '/home/atharva/robot_ws/install/pymoveit2/share/pymoveit2/package.sh'
[0.947s] INFO:colcon.colcon_core.shell:Creating package script '/home/atharva/robot_ws/install/pymoveit2/share/pymoveit2/package.bash'
[0.948s] INFO:colcon.colcon_core.shell:Creating package script '/home/atharva/robot_ws/install/pymoveit2/share/pymoveit2/package.zsh'
[0.948s] Level 1:colcon.colcon_core.environment:create_file_with_runtime_dependencies(/home/atharva/robot_ws/install/pymoveit2/share/colcon-core/packages/pymoveit2)
[0.948s] Level 1:colcon.colcon_core.environment:create_environment_scripts_only(pymoveit2)
[0.949s] Level 1:colcon.colcon_core.environment:checking '/home/atharva/robot_ws/install/pymoveit2' for CMake module files
[0.949s] Level 1:colcon.colcon_core.environment:checking '/home/atharva/robot_ws/install/pymoveit2' for CMake config files
[0.949s] Level 1:colcon.colcon_core.shell:create_environment_hook('pymoveit2', 'cmake_prefix_path')
[0.950s] INFO:colcon.colcon_core.shell:Creating environment hook '/home/atharva/robot_ws/install/pymoveit2/share/pymoveit2/hook/cmake_prefix_path.ps1'
[0.950s] INFO:colcon.colcon_core.shell:Creating environment descriptor '/home/atharva/robot_ws/install/pymoveit2/share/pymoveit2/hook/cmake_prefix_path.dsv'
[0.950s] INFO:colcon.colcon_core.shell:Creating environment hook '/home/atharva/robot_ws/install/pymoveit2/share/pymoveit2/hook/cmake_prefix_path.sh'
[0.951s] Level 1:colcon.colcon_core.environment:checking '/home/atharva/robot_ws/install/pymoveit2/lib'
[0.951s] Level 1:colcon.colcon_core.environment:checking '/home/atharva/robot_ws/install/pymoveit2/bin'
[0.951s] Level 1:colcon.colcon_core.environment:checking '/home/atharva/robot_ws/install/pymoveit2/lib/pkgconfig/pymoveit2.pc'
[0.951s] Level 1:colcon.colcon_core.environment:checking '/home/atharva/robot_ws/install/pymoveit2/lib/python3.10/site-packages'
[0.951s] Level 1:colcon.colcon_core.environment:checking '/home/atharva/robot_ws/install/pymoveit2/bin'
[0.951s] INFO:colcon.colcon_core.shell:Creating package script '/home/atharva/robot_ws/install/pymoveit2/share/pymoveit2/package.ps1'
[0.952s] INFO:colcon.colcon_core.shell:Creating package descriptor '/home/atharva/robot_ws/install/pymoveit2/share/pymoveit2/package.dsv'
[0.952s] INFO:colcon.colcon_core.shell:Creating package script '/home/atharva/robot_ws/install/pymoveit2/share/pymoveit2/package.sh'
[0.953s] INFO:colcon.colcon_core.shell:Creating package script '/home/atharva/robot_ws/install/pymoveit2/share/pymoveit2/package.bash'
[0.953s] INFO:colcon.colcon_core.shell:Creating package script '/home/atharva/robot_ws/install/pymoveit2/share/pymoveit2/package.zsh'
[0.953s] Level 1:colcon.colcon_core.environment:create_file_with_runtime_dependencies(/home/atharva/robot_ws/install/pymoveit2/share/colcon-core/packages/pymoveit2)
[0.953s] INFO:colcon.colcon_ros.task.ament_cmake.build:Building ROS package in '/home/atharva/robot_ws/src/robot_bringup' with build type 'ament_cmake'
[0.954s] INFO:colcon.colcon_cmake.task.cmake.build:Building CMake package in '/home/atharva/robot_ws/src/robot_bringup'
[0.954s] INFO:colcon.colcon_core.shell:Skip shell extension 'powershell' for command environment: Not usable outside of PowerShell
[0.954s] DEBUG:colcon.colcon_core.shell:Skip shell extension 'dsv' for command environment
[0.961s] DEBUG:colcon.colcon_core.event_handler.log_command:Invoking command in '/home/atharva/robot_ws/build/robot_bringup': AMENT_PREFIX_PATH=/home/atharva/robot_ws/install/pymoveit2:${AMENT_PREFIX_PATH} CMAKE_PREFIX_PATH=/home/atharva/robot_ws/install/pymoveit2:/home/atharva/robot_ws/install/robot_moveit:/home/atharva/robot_ws/install/robot_description:/home/atharva/robot_ws/install/robot_controller:/home/atharva/posha_ws/install/bot_description:/home/atharva/posha_ws/install/bot_controller:/home/atharva/robot_ws/install/robot_vision:/opt/ros/humble PYTHONPATH=/home/atharva/robot_ws/install/pymoveit2/local/lib/python3.10/dist-packages:${PYTHONPATH} /usr/bin/cmake /home/atharva/robot_ws/src/robot_bringup -DCMAKE_INSTALL_PREFIX=/home/atharva/robot_ws/install/robot_bringup
[1.374s] DEBUG:colcon.colcon_core.event_handler.log_command:Invoked command in '/home/atharva/robot_ws/build/robot_bringup' returned '0': AMENT_PREFIX_PATH=/home/atharva/robot_ws/install/pymoveit2:${AMENT_PREFIX_PATH} CMAKE_PREFIX_PATH=/home/atharva/robot_ws/install/pymoveit2:/home/atharva/robot_ws/install/robot_moveit:/home/atharva/robot_ws/install/robot_description:/home/atharva/robot_ws/install/robot_controller:/home/atharva/posha_ws/install/bot_description:/home/atharva/posha_ws/install/bot_controller:/home/atharva/robot_ws/install/robot_vision:/opt/ros/humble PYTHONPATH=/home/atharva/robot_ws/install/pymoveit2/local/lib/python3.10/dist-packages:${PYTHONPATH} /usr/bin/cmake /home/atharva/robot_ws/src/robot_bringup -DCMAKE_INSTALL_PREFIX=/home/atharva/robot_ws/install/robot_bringup
[1.374s] DEBUG:colcon.colcon_core.event_handler.log_command:Invoking command in '/home/atharva/robot_ws/build/robot_bringup': AMENT_PREFIX_PATH=/home/atharva/robot_ws/install/pymoveit2:${AMENT_PREFIX_PATH} CMAKE_PREFIX_PATH=/home/atharva/robot_ws/install/pymoveit2:/home/atharva/robot_ws/install/robot_moveit:/home/atharva/robot_ws/install/robot_description:/home/atharva/robot_ws/install/robot_controller:/home/atharva/posha_ws/install/bot_description:/home/atharva/posha_ws/install/bot_controller:/home/atharva/robot_ws/install/robot_vision:/opt/ros/humble PYTHONPATH=/home/atharva/robot_ws/install/pymoveit2/local/lib/python3.10/dist-packages:${PYTHONPATH} /usr/bin/cmake --build /home/atharva/robot_ws/build/robot_bringup -- -j20 -l20
[1.408s] DEBUG:colcon.colcon_core.event_handler.log_command:Invoked command in '/home/atharva/robot_ws/build/robot_bringup' returned '0': AMENT_PREFIX_PATH=/home/atharva/robot_ws/install/pymoveit2:${AMENT_PREFIX_PATH} CMAKE_PREFIX_PATH=/home/atharva/robot_ws/install/pymoveit2:/home/atharva/robot_ws/install/robot_moveit:/home/atharva/robot_ws/install/robot_description:/home/atharva/robot_ws/install/robot_controller:/home/atharva/posha_ws/install/bot_description:/home/atharva/posha_ws/install/bot_controller:/home/atharva/robot_ws/install/robot_vision:/opt/ros/humble PYTHONPATH=/home/atharva/robot_ws/install/pymoveit2/local/lib/python3.10/dist-packages:${PYTHONPATH} /usr/bin/cmake --build /home/atharva/robot_ws/build/robot_bringup -- -j20 -l20
[1.409s] DEBUG:colcon.colcon_core.event_handler.log_command:Invoking command in '/home/atharva/robot_ws/build/robot_bringup': AMENT_PREFIX_PATH=/home/atharva/robot_ws/install/pymoveit2:${AMENT_PREFIX_PATH} CMAKE_PREFIX_PATH=/home/atharva/robot_ws/install/pymoveit2:/home/atharva/robot_ws/install/robot_moveit:/home/atharva/robot_ws/install/robot_description:/home/atharva/robot_ws/install/robot_controller:/home/atharva/posha_ws/install/bot_description:/home/atharva/posha_ws/install/bot_controller:/home/atharva/robot_ws/install/robot_vision:/opt/ros/humble PYTHONPATH=/home/atharva/robot_ws/install/pymoveit2/local/lib/python3.10/dist-packages:${PYTHONPATH} /usr/bin/cmake --install /home/atharva/robot_ws/build/robot_bringup
[1.420s] Level 1:colcon.colcon_core.environment:create_environment_scripts_only(robot_bringup)
[1.420s] DEBUG:colcon.colcon_core.event_handler.log_command:Invoked command in '/home/atharva/robot_ws/build/robot_bringup' returned '0': AMENT_PREFIX_PATH=/home/atharva/robot_ws/install/pymoveit2:${AMENT_PREFIX_PATH} CMAKE_PREFIX_PATH=/home/atharva/robot_ws/install/pymoveit2:/home/atharva/robot_ws/install/robot_moveit:/home/atharva/robot_ws/install/robot_description:/home/atharva/robot_ws/install/robot_controller:/home/atharva/posha_ws/install/bot_description:/home/atharva/posha_ws/install/bot_controller:/home/atharva/robot_ws/install/robot_vision:/opt/ros/humble PYTHONPATH=/home/atharva/robot_ws/install/pymoveit2/local/lib/python3.10/dist-packages:${PYTHONPATH} /usr/bin/cmake --install /home/atharva/robot_ws/build/robot_bringup
[1.421s] Level 1:colcon.colcon_core.environment:checking '/home/atharva/robot_ws/install/robot_bringup' for CMake module files
[1.422s] Level 1:colcon.colcon_core.environment:checking '/home/atharva/robot_ws/install/robot_bringup' for CMake config files
[1.422s] Level 1:colcon.colcon_core.shell:create_environment_hook('robot_bringup', 'cmake_prefix_path')
[1.423s] INFO:colcon.colcon_core.shell:Creating environment hook '/home/atharva/robot_ws/install/robot_bringup/share/robot_bringup/hook/cmake_prefix_path.ps1'
[1.424s] INFO:colcon.colcon_core.shell:Creating environment descriptor '/home/atharva/robot_ws/install/robot_bringup/share/robot_bringup/hook/cmake_prefix_path.dsv'
[1.424s] INFO:colcon.colcon_core.shell:Creating environment hook '/home/atharva/robot_ws/install/robot_bringup/share/robot_bringup/hook/cmake_prefix_path.sh'
[1.425s] Level 1:colcon.colcon_core.environment:checking '/home/atharva/robot_ws/install/robot_bringup/bin'
[1.425s] Level 1:colcon.colcon_core.environment:checking '/home/atharva/robot_ws/install/robot_bringup/lib/pkgconfig/robot_bringup.pc'
[1.425s] Level 1:colcon.colcon_core.environment:checking '/home/atharva/robot_ws/install/robot_bringup/lib/python3.10/site-packages'
[1.426s] Level 1:colcon.colcon_core.environment:checking '/home/atharva/robot_ws/install/robot_bringup/bin'
[1.426s] INFO:colcon.colcon_core.shell:Creating package script '/home/atharva/robot_ws/install/robot_bringup/share/robot_bringup/package.ps1'
[1.427s] INFO:colcon.colcon_core.shell:Creating package descriptor '/home/atharva/robot_ws/install/robot_bringup/share/robot_bringup/package.dsv'
[1.428s] INFO:colcon.colcon_core.shell:Creating package script '/home/atharva/robot_ws/install/robot_bringup/share/robot_bringup/package.sh'
[1.428s] INFO:colcon.colcon_core.shell:Creating package script '/home/atharva/robot_ws/install/robot_bringup/share/robot_bringup/package.bash'
[1.428s] INFO:colcon.colcon_core.shell:Creating package script '/home/atharva/robot_ws/install/robot_bringup/share/robot_bringup/package.zsh'
[1.429s] Level 1:colcon.colcon_core.environment:create_file_with_runtime_dependencies(/home/atharva/robot_ws/install/robot_bringup/share/colcon-core/packages/robot_bringup)
[1.429s] Level 1:colcon.colcon_core.environment:create_environment_scripts_only(robot_bringup)
[1.429s] Level 1:colcon.colcon_core.environment:checking '/home/atharva/robot_ws/install/robot_bringup' for CMake module files
[1.430s] Level 1:colcon.colcon_core.environment:checking '/home/atharva/robot_ws/install/robot_bringup' for CMake config files
[1.430s] Level 1:colcon.colcon_core.shell:create_environment_hook('robot_bringup', 'cmake_prefix_path')
[1.430s] INFO:colcon.colcon_core.shell:Creating environment hook '/home/atharva/robot_ws/install/robot_bringup/share/robot_bringup/hook/cmake_prefix_path.ps1'
[1.431s] INFO:colcon.colcon_core.shell:Creating environment descriptor '/home/atharva/robot_ws/install/robot_bringup/share/robot_bringup/hook/cmake_prefix_path.dsv'
[1.431s] INFO:colcon.colcon_core.shell:Creating environment hook '/home/atharva/robot_ws/install/robot_bringup/share/robot_bringup/hook/cmake_prefix_path.sh'
[1.432s] Level 1:colcon.colcon_core.environment:checking '/home/atharva/robot_ws/install/robot_bringup/bin'
[1.432s] Level 1:colcon.colcon_core.environment:checking '/home/atharva/robot_ws/install/robot_bringup/lib/pkgconfig/robot_bringup.pc'
[1.432s] Level 1:colcon.colcon_core.environment:checking '/home/atharva/robot_ws/install/robot_bringup/lib/python3.10/site-packages'
[1.432s] Level 1:colcon.colcon_core.environment:checking '/home/atharva/robot_ws/install/robot_bringup/bin'
[1.433s] INFO:colcon.colcon_core.shell:Creating package script '/home/atharva/robot_ws/install/robot_bringup/share/robot_bringup/package.ps1'
[1.433s] INFO:colcon.colcon_core.shell:Creating package descriptor '/home/atharva/robot_ws/install/robot_bringup/share/robot_bringup/package.dsv'
[1.433s] INFO:colcon.colcon_core.shell:Creating package script '/home/atharva/robot_ws/install/robot_bringup/share/robot_bringup/package.sh'
[1.434s] INFO:colcon.colcon_core.shell:Creating package script '/home/atharva/robot_ws/install/robot_bringup/share/robot_bringup/package.bash'
[1.435s] INFO:colcon.colcon_core.shell:Creating package script '/home/atharva/robot_ws/install/robot_bringup/share/robot_bringup/package.zsh'
[1.435s] Level 1:colcon.colcon_core.environment:create_file_with_runtime_dependencies(/home/atharva/robot_ws/install/robot_bringup/share/colcon-core/packages/robot_bringup)
[1.435s] DEBUG:colcon.colcon_parallel_executor.executor.parallel:closing loop
[1.435s] DEBUG:colcon.colcon_parallel_executor.executor.parallel:loop closed
[1.435s] DEBUG:colcon.colcon_parallel_executor.executor.parallel:run_until_complete finished with '0'
[1.435s] DEBUG:colcon.colcon_core.event_reactor:joining thread
[1.443s] INFO:colcon.colcon_core.plugin_system:Skipping extension 'colcon_notification.desktop_notification.terminal_notifier': Not used on non-Darwin systems
[1.443s] INFO:colcon.colcon_core.plugin_system:Skipping extension 'colcon_notification.desktop_notification.win32': Not used on non-Windows systems
[1.443s] INFO:colcon.colcon_notification.desktop_notification:Sending desktop notification using 'notify2'
[1.457s] DEBUG:colcon.colcon_core.event_reactor:joined thread
[1.457s] INFO:colcon.colcon_core.shell:Creating prefix script '/home/atharva/robot_ws/install/local_setup.ps1'
[1.458s] INFO:colcon.colcon_core.shell:Creating prefix util module '/home/atharva/robot_ws/install/_local_setup_util_ps1.py'
[1.460s] INFO:colcon.colcon_core.shell:Creating prefix chain script '/home/atharva/robot_ws/install/setup.ps1'
[1.461s] INFO:colcon.colcon_core.shell:Creating prefix script '/home/atharva/robot_ws/install/local_setup.sh'
[1.461s] INFO:colcon.colcon_core.shell:Creating prefix util module '/home/atharva/robot_ws/install/_local_setup_util_sh.py'
[1.462s] INFO:colcon.colcon_core.shell:Creating prefix chain script '/home/atharva/robot_ws/install/setup.sh'
[1.463s] INFO:colcon.colcon_core.shell:Creating prefix script '/home/atharva/robot_ws/install/local_setup.bash'
[1.463s] INFO:colcon.colcon_core.shell:Creating prefix chain script '/home/atharva/robot_ws/install/setup.bash'
[1.464s] INFO:colcon.colcon_core.shell:Creating prefix script '/home/atharva/robot_ws/install/local_setup.zsh'
[1.465s] INFO:colcon.colcon_core.shell:Creating prefix chain script '/home/atharva/robot_ws/install/setup.zsh'
