[0.011s] Invoking command in '/home/atharva/robot_ws/build/robot_description': CMAKE_PREFIX_PATH=${CMAKE_PREFIX_PATH}:/home/atharva/robot_ws/install/robot_vision:/opt/ros/humble /usr/bin/cmake --build /home/atharva/robot_ws/build/robot_description -- -j20 -l20
[0.146s] Invoked command in '/home/atharva/robot_ws/build/robot_description' returned '0': CMAKE_PREFIX_PATH=${CMAKE_PREFIX_PATH}:/home/atharva/robot_ws/install/robot_vision:/opt/ros/humble /usr/bin/cmake --build /home/atharva/robot_ws/build/robot_description -- -j20 -l20
[0.153s] Invoking command in '/home/atharva/robot_ws/build/robot_description': CMAKE_PREFIX_PATH=${CMAKE_PREFIX_PATH}:/home/atharva/robot_ws/install/robot_vision:/opt/ros/humble /usr/bin/cmake --install /home/atharva/robot_ws/build/robot_description
[0.159s] -- Install configuration: ""
[0.159s] -- Up-to-date: /home/atharva/robot_ws/install/robot_description/share/robot_description/launch
[0.159s] -- Up-to-date: /home/atharva/robot_ws/install/robot_description/share/robot_description/launch/display.launch.py
[0.159s] -- Up-to-date: /home/atharva/robot_ws/install/robot_description/share/robot_description/launch/gazebo.launch.py
[0.159s] -- Up-to-date: /home/atharva/robot_ws/install/robot_description/share/robot_description/meshes
[0.159s] -- Up-to-date: /home/atharva/robot_ws/install/robot_description/share/robot_description/meshes/collision
[0.159s] -- Up-to-date: /home/atharva/robot_ws/install/robot_description/share/robot_description/meshes/collision/link7.obj
[0.159s] -- Up-to-date: /home/atharva/robot_ws/install/robot_description/share/robot_description/meshes/collision/finger.obj
[0.159s] -- Up-to-date: /home/atharva/robot_ws/install/robot_description/share/robot_description/meshes/collision/link3.obj
[0.159s] -- Up-to-date: /home/atharva/robot_ws/install/robot_description/share/robot_description/meshes/collision/camera.stl
[0.159s] -- Up-to-date: /home/atharva/robot_ws/install/robot_description/share/robot_description/meshes/collision/link6.obj
[0.159s] -- Up-to-date: /home/atharva/robot_ws/install/robot_description/share/robot_description/meshes/collision/link1.obj
[0.159s] -- Up-to-date: /home/atharva/robot_ws/install/robot_description/share/robot_description/meshes/collision/link4.obj
[0.159s] -- Up-to-date: /home/atharva/robot_ws/install/robot_description/share/robot_description/meshes/collision/link5.obj
[0.159s] -- Up-to-date: /home/atharva/robot_ws/install/robot_description/share/robot_description/meshes/collision/hand.obj
[0.159s] -- Up-to-date: /home/atharva/robot_ws/install/robot_description/share/robot_description/meshes/collision/link0.obj
[0.159s] -- Up-to-date: /home/atharva/robot_ws/install/robot_description/share/robot_description/meshes/collision/link2.obj
[0.159s] -- Up-to-date: /home/atharva/robot_ws/install/robot_description/share/robot_description/meshes/visual
[0.159s] -- Up-to-date: /home/atharva/robot_ws/install/robot_description/share/robot_description/meshes/visual/link1.dae
[0.159s] -- Up-to-date: /home/atharva/robot_ws/install/robot_description/share/robot_description/meshes/visual/link3.dae
[0.159s] -- Up-to-date: /home/atharva/robot_ws/install/robot_description/share/robot_description/meshes/visual/link4.dae
[0.159s] -- Up-to-date: /home/atharva/robot_ws/install/robot_description/share/robot_description/meshes/visual/link2.dae
[0.159s] -- Up-to-date: /home/atharva/robot_ws/install/robot_description/share/robot_description/meshes/visual/link7.dae
[0.159s] -- Up-to-date: /home/atharva/robot_ws/install/robot_description/share/robot_description/meshes/visual/finger.dae
[0.159s] -- Up-to-date: /home/atharva/robot_ws/install/robot_description/share/robot_description/meshes/visual/link5.dae
[0.159s] -- Up-to-date: /home/atharva/robot_ws/install/robot_description/share/robot_description/meshes/visual/camera.stl
[0.159s] -- Up-to-date: /home/atharva/robot_ws/install/robot_description/share/robot_description/meshes/visual/link6.dae
[0.159s] -- Up-to-date: /home/atharva/robot_ws/install/robot_description/share/robot_description/meshes/visual/link0.dae
[0.159s] -- Up-to-date: /home/atharva/robot_ws/install/robot_description/share/robot_description/meshes/visual/hand.dae
[0.159s] -- Up-to-date: /home/atharva/robot_ws/install/robot_description/share/robot_description/urdf
[0.159s] -- Up-to-date: /home/atharva/robot_ws/install/robot_description/share/robot_description/urdf/arm.urdf
[0.160s] -- Up-to-date: /home/atharva/robot_ws/install/robot_description/share/robot_description/urdf/gazebo.xacro
[0.160s] -- Up-to-date: /home/atharva/robot_ws/install/robot_description/share/robot_description/urdf/arm.xacro
[0.160s] -- Up-to-date: /home/atharva/robot_ws/install/robot_description/share/robot_description/urdf/sensors.xacro
[0.160s] -- Up-to-date: /home/atharva/robot_ws/install/robot_description/share/robot_description/urdf/robot.urdf.xacro
[0.160s] -- Up-to-date: /home/atharva/robot_ws/install/robot_description/share/robot_description/urdf/test.xacro
[0.160s] -- Up-to-date: /home/atharva/robot_ws/install/robot_description/share/robot_description/urdf/materials.xacro
[0.160s] -- Up-to-date: /home/atharva/robot_ws/install/robot_description/share/robot_description/urdf/ros2control.xacro
[0.160s] -- Up-to-date: /home/atharva/robot_ws/install/robot_description/share/robot_description/rviz
[0.160s] -- Up-to-date: /home/atharva/robot_ws/install/robot_description/share/robot_description/worlds
[0.160s] -- Up-to-date: /home/atharva/robot_ws/install/robot_description/share/robot_description/worlds/empty.world
[0.160s] -- Up-to-date: /home/atharva/robot_ws/install/robot_description/share/robot_description/models
[0.160s] -- Up-to-date: /home/atharva/robot_ws/install/robot_description/share/robot_description/models/aws_robomaker_residential_CoffeeTable_01
[0.161s] -- Up-to-date: /home/atharva/robot_ws/install/robot_description/share/robot_description/models/aws_robomaker_residential_CoffeeTable_01/model.config
[0.161s] -- Up-to-date: /home/atharva/robot_ws/install/robot_description/share/robot_description/models/aws_robomaker_residential_CoffeeTable_01/model.sdf
[0.161s] -- Up-to-date: /home/atharva/robot_ws/install/robot_description/share/robot_description/models/aws_robomaker_residential_CoffeeTable_01/meshes
[0.161s] -- Up-to-date: /home/atharva/robot_ws/install/robot_description/share/robot_description/models/aws_robomaker_residential_CoffeeTable_01/meshes/aws_CoffeeTable_01_collision.DAE
[0.161s] -- Up-to-date: /home/atharva/robot_ws/install/robot_description/share/robot_description/models/aws_robomaker_residential_CoffeeTable_01/meshes/aws_CoffeeTable_01_visual.DAE
[0.161s] -- Up-to-date: /home/atharva/robot_ws/install/robot_description/share/robot_description/models/aws_robomaker_residential_CoffeeTable_01/materials
[0.161s] -- Up-to-date: /home/atharva/robot_ws/install/robot_description/share/robot_description/models/aws_robomaker_residential_CoffeeTable_01/materials/textures
[0.161s] -- Up-to-date: /home/atharva/robot_ws/install/robot_description/share/robot_description/models/aws_robomaker_residential_CoffeeTable_01/materials/textures/aws_CoffeeTable_01.png
[0.161s] -- Up-to-date: /home/atharva/robot_ws/install/robot_description/share/robot_description/models/aws_robomaker_residential_Trash_01
[0.161s] -- Up-to-date: /home/atharva/robot_ws/install/robot_description/share/robot_description/models/aws_robomaker_residential_Trash_01/model.config
[0.161s] -- Up-to-date: /home/atharva/robot_ws/install/robot_description/share/robot_description/models/aws_robomaker_residential_Trash_01/model.sdf
[0.161s] -- Up-to-date: /home/atharva/robot_ws/install/robot_description/share/robot_description/models/aws_robomaker_residential_Trash_01/meshes
[0.161s] -- Up-to-date: /home/atharva/robot_ws/install/robot_description/share/robot_description/models/aws_robomaker_residential_Trash_01/meshes/aws_Trash_01_visual.DAE
[0.162s] -- Up-to-date: /home/atharva/robot_ws/install/robot_description/share/robot_description/models/aws_robomaker_residential_Trash_01/meshes/aws_Trash_01_collision.DAE
[0.162s] -- Up-to-date: /home/atharva/robot_ws/install/robot_description/share/robot_description/models/aws_robomaker_residential_Trash_01/materials
[0.162s] -- Up-to-date: /home/atharva/robot_ws/install/robot_description/share/robot_description/models/aws_robomaker_residential_Trash_01/materials/textures
[0.162s] -- Up-to-date: /home/atharva/robot_ws/install/robot_description/share/robot_description/models/aws_robomaker_residential_Trash_01/materials/textures/aws_Trash_01.png
[0.162s] -- Up-to-date: /home/atharva/robot_ws/install/robot_description/share/ament_index/resource_index/package_run_dependencies/robot_description
[0.162s] -- Up-to-date: /home/atharva/robot_ws/install/robot_description/share/ament_index/resource_index/parent_prefix_path/robot_description
[0.162s] -- Up-to-date: /home/atharva/robot_ws/install/robot_description/share/robot_description/environment/ament_prefix_path.sh
[0.162s] -- Up-to-date: /home/atharva/robot_ws/install/robot_description/share/robot_description/environment/ament_prefix_path.dsv
[0.162s] -- Up-to-date: /home/atharva/robot_ws/install/robot_description/share/robot_description/environment/path.sh
[0.162s] -- Up-to-date: /home/atharva/robot_ws/install/robot_description/share/robot_description/environment/path.dsv
[0.162s] -- Up-to-date: /home/atharva/robot_ws/install/robot_description/share/robot_description/local_setup.bash
[0.162s] -- Up-to-date: /home/atharva/robot_ws/install/robot_description/share/robot_description/local_setup.sh
[0.162s] -- Up-to-date: /home/atharva/robot_ws/install/robot_description/share/robot_description/local_setup.zsh
[0.162s] -- Up-to-date: /home/atharva/robot_ws/install/robot_description/share/robot_description/local_setup.dsv
[0.163s] -- Installing: /home/atharva/robot_ws/install/robot_description/share/robot_description/package.dsv
[0.163s] -- Up-to-date: /home/atharva/robot_ws/install/robot_description/share/ament_index/resource_index/packages/robot_description
[0.163s] -- Up-to-date: /home/atharva/robot_ws/install/robot_description/share/robot_description/cmake/robot_descriptionConfig.cmake
[0.163s] -- Up-to-date: /home/atharva/robot_ws/install/robot_description/share/robot_description/cmake/robot_descriptionConfig-version.cmake
[0.163s] -- Up-to-date: /home/atharva/robot_ws/install/robot_description/share/robot_description/package.xml
[0.163s] Invoked command in '/home/atharva/robot_ws/build/robot_description' returned '0': CMAKE_PREFIX_PATH=${CMAKE_PREFIX_PATH}:/home/atharva/robot_ws/install/robot_vision:/opt/ros/humble /usr/bin/cmake --install /home/atharva/robot_ws/build/robot_description
