[0.126s] DEBUG:colcon:Command line arguments: ['/usr/bin/colcon', 'build']
[0.126s] DEBUG:colcon:Parsed command line arguments: Namespace(log_base=None, log_level=None, verb_name='build', build_base='build', install_base='install', merge_install=False, symlink_install=False, test_result_base=None, continue_on_error=False, executor='parallel', parallel_workers=20, event_handlers=None, ignore_user_meta=False, metas=['./colcon.meta'], base_paths=['.'], packages_ignore=None, packages_ignore_regex=None, paths=None, packages_up_to=None, packages_up_to_regex=None, packages_above=None, packages_above_and_dependencies=None, packages_above_depth=None, packages_select_by_dep=None, packages_skip_by_dep=None, packages_skip_up_to=None, packages_select_build_failed=False, packages_skip_build_finished=False, packages_select_test_failures=False, packages_skip_test_passed=False, packages_select=None, packages_skip=None, packages_select_regex=None, packages_skip_regex=None, packages_start=None, packages_end=None, allow_overriding=[], cmake_args=None, cmake_target=None, cmake_target_skip_unavailable=False, cmake_clean_cache=False, cmake_clean_first=False, cmake_force_configure=False, ament_cmake_args=None, catkin_cmake_args=None, catkin_skip_building_tests=False, mixin_files=None, mixin=None, verb_parser=<colcon_mixin.mixin.mixin_argument.MixinArgumentDecorator object at 0x7a081964f160>, verb_extension=<colcon_core.verb.build.BuildVerb object at 0x7a081964e560>, main=<bound method BuildVerb.main of <colcon_core.verb.build.BuildVerb object at 0x7a081964e560>>, mixin_verb=('build',))
[0.309s] Level 1:colcon.colcon_core.package_discovery:discover_packages(colcon_meta) check parameters
[0.309s] Level 1:colcon.colcon_core.package_discovery:discover_packages(recursive) check parameters
[0.309s] Level 1:colcon.colcon_core.package_discovery:discover_packages(ignore) check parameters
[0.309s] Level 1:colcon.colcon_core.package_discovery:discover_packages(path) check parameters
[0.309s] Level 1:colcon.colcon_core.package_discovery:discover_packages(colcon_meta) discover
[0.309s] Level 1:colcon.colcon_core.package_discovery:discover_packages(recursive) discover
[0.309s] INFO:colcon.colcon_core.package_discovery:Crawling recursively for packages in '/home/atharva/robot_ws'
[0.309s] Level 1:colcon.colcon_core.package_identification:_identify(.) by extensions ['ignore', 'ignore_ament_install']
[0.309s] Level 1:colcon.colcon_core.package_identification:_identify(.) by extension 'ignore'
[0.310s] Level 1:colcon.colcon_core.package_identification:_identify(.) by extension 'ignore_ament_install'
[0.310s] Level 1:colcon.colcon_core.package_identification:_identify(.) by extensions ['colcon_pkg']
[0.310s] Level 1:colcon.colcon_core.package_identification:_identify(.) by extension 'colcon_pkg'
[0.310s] Level 1:colcon.colcon_core.package_identification:_identify(.) by extensions ['colcon_meta']
[0.310s] Level 1:colcon.colcon_core.package_identification:_identify(.) by extension 'colcon_meta'
[0.310s] Level 1:colcon.colcon_core.package_identification:_identify(.) by extensions ['ros']
[0.310s] Level 1:colcon.colcon_core.package_identification:_identify(.) by extension 'ros'
[0.321s] Level 1:colcon.colcon_core.package_identification:_identify(.) by extensions ['cmake', 'python']
[0.321s] Level 1:colcon.colcon_core.package_identification:_identify(.) by extension 'cmake'
[0.321s] Level 1:colcon.colcon_core.package_identification:_identify(.) by extension 'python'
[0.321s] Level 1:colcon.colcon_core.package_identification:_identify(.) by extensions ['python_setup_py']
[0.321s] Level 1:colcon.colcon_core.package_identification:_identify(.) by extension 'python_setup_py'
[0.322s] Level 1:colcon.colcon_core.package_identification:_identify(build) by extensions ['ignore', 'ignore_ament_install']
[0.322s] Level 1:colcon.colcon_core.package_identification:_identify(build) by extension 'ignore'
[0.322s] Level 1:colcon.colcon_core.package_identification:_identify(build) ignored
[0.322s] Level 1:colcon.colcon_core.package_identification:_identify(install) by extensions ['ignore', 'ignore_ament_install']
[0.322s] Level 1:colcon.colcon_core.package_identification:_identify(install) by extension 'ignore'
[0.322s] Level 1:colcon.colcon_core.package_identification:_identify(install) ignored
[0.322s] Level 1:colcon.colcon_core.package_identification:_identify(log) by extensions ['ignore', 'ignore_ament_install']
[0.322s] Level 1:colcon.colcon_core.package_identification:_identify(log) by extension 'ignore'
[0.322s] Level 1:colcon.colcon_core.package_identification:_identify(log) ignored
[0.322s] Level 1:colcon.colcon_core.package_identification:_identify(src) by extensions ['ignore', 'ignore_ament_install']
[0.322s] Level 1:colcon.colcon_core.package_identification:_identify(src) by extension 'ignore'
[0.322s] Level 1:colcon.colcon_core.package_identification:_identify(src) by extension 'ignore_ament_install'
[0.322s] Level 1:colcon.colcon_core.package_identification:_identify(src) by extensions ['colcon_pkg']
[0.322s] Level 1:colcon.colcon_core.package_identification:_identify(src) by extension 'colcon_pkg'
[0.322s] Level 1:colcon.colcon_core.package_identification:_identify(src) by extensions ['colcon_meta']
[0.323s] Level 1:colcon.colcon_core.package_identification:_identify(src) by extension 'colcon_meta'
[0.323s] Level 1:colcon.colcon_core.package_identification:_identify(src) by extensions ['ros']
[0.323s] Level 1:colcon.colcon_core.package_identification:_identify(src) by extension 'ros'
[0.323s] Level 1:colcon.colcon_core.package_identification:_identify(src) by extensions ['cmake', 'python']
[0.323s] Level 1:colcon.colcon_core.package_identification:_identify(src) by extension 'cmake'
[0.323s] Level 1:colcon.colcon_core.package_identification:_identify(src) by extension 'python'
[0.323s] Level 1:colcon.colcon_core.package_identification:_identify(src) by extensions ['python_setup_py']
[0.323s] Level 1:colcon.colcon_core.package_identification:_identify(src) by extension 'python_setup_py'
[0.323s] Level 1:colcon.colcon_core.package_identification:_identify(src/robot_controller) by extensions ['ignore', 'ignore_ament_install']
[0.323s] Level 1:colcon.colcon_core.package_identification:_identify(src/robot_controller) by extension 'ignore'
[0.323s] Level 1:colcon.colcon_core.package_identification:_identify(src/robot_controller) by extension 'ignore_ament_install'
[0.323s] Level 1:colcon.colcon_core.package_identification:_identify(src/robot_controller) by extensions ['colcon_pkg']
[0.323s] Level 1:colcon.colcon_core.package_identification:_identify(src/robot_controller) by extension 'colcon_pkg'
[0.323s] Level 1:colcon.colcon_core.package_identification:_identify(src/robot_controller) by extensions ['colcon_meta']
[0.323s] Level 1:colcon.colcon_core.package_identification:_identify(src/robot_controller) by extension 'colcon_meta'
[0.323s] Level 1:colcon.colcon_core.package_identification:_identify(src/robot_controller) by extensions ['ros']
[0.323s] Level 1:colcon.colcon_core.package_identification:_identify(src/robot_controller) by extension 'ros'
[0.326s] DEBUG:colcon.colcon_core.package_identification:Package 'src/robot_controller' with type 'ros.ament_cmake' and name 'robot_controller'
[0.326s] Level 1:colcon.colcon_core.package_identification:_identify(src/robot_description) by extensions ['ignore', 'ignore_ament_install']
[0.326s] Level 1:colcon.colcon_core.package_identification:_identify(src/robot_description) by extension 'ignore'
[0.326s] Level 1:colcon.colcon_core.package_identification:_identify(src/robot_description) by extension 'ignore_ament_install'
[0.326s] Level 1:colcon.colcon_core.package_identification:_identify(src/robot_description) by extensions ['colcon_pkg']
[0.326s] Level 1:colcon.colcon_core.package_identification:_identify(src/robot_description) by extension 'colcon_pkg'
[0.326s] Level 1:colcon.colcon_core.package_identification:_identify(src/robot_description) by extensions ['colcon_meta']
[0.326s] Level 1:colcon.colcon_core.package_identification:_identify(src/robot_description) by extension 'colcon_meta'
[0.326s] Level 1:colcon.colcon_core.package_identification:_identify(src/robot_description) by extensions ['ros']
[0.326s] Level 1:colcon.colcon_core.package_identification:_identify(src/robot_description) by extension 'ros'
[0.328s] DEBUG:colcon.colcon_core.package_identification:Package 'src/robot_description' with type 'ros.ament_cmake' and name 'robot_description'
[0.329s] Level 1:colcon.colcon_core.package_identification:_identify(src/robot_moveit) by extensions ['ignore', 'ignore_ament_install']
[0.329s] Level 1:colcon.colcon_core.package_identification:_identify(src/robot_moveit) by extension 'ignore'
[0.329s] Level 1:colcon.colcon_core.package_identification:_identify(src/robot_moveit) by extension 'ignore_ament_install'
[0.329s] Level 1:colcon.colcon_core.package_identification:_identify(src/robot_moveit) by extensions ['colcon_pkg']
[0.329s] Level 1:colcon.colcon_core.package_identification:_identify(src/robot_moveit) by extension 'colcon_pkg'
[0.329s] Level 1:colcon.colcon_core.package_identification:_identify(src/robot_moveit) by extensions ['colcon_meta']
[0.329s] Level 1:colcon.colcon_core.package_identification:_identify(src/robot_moveit) by extension 'colcon_meta'
[0.329s] Level 1:colcon.colcon_core.package_identification:_identify(src/robot_moveit) by extensions ['ros']
[0.329s] Level 1:colcon.colcon_core.package_identification:_identify(src/robot_moveit) by extension 'ros'
[0.330s] DEBUG:colcon.colcon_core.package_identification:Package 'src/robot_moveit' with type 'ros.ament_cmake' and name 'robot_moveit'
[0.330s] Level 1:colcon.colcon_core.package_identification:_identify(src/robot_vision) by extensions ['ignore', 'ignore_ament_install']
[0.330s] Level 1:colcon.colcon_core.package_identification:_identify(src/robot_vision) by extension 'ignore'
[0.330s] Level 1:colcon.colcon_core.package_identification:_identify(src/robot_vision) by extension 'ignore_ament_install'
[0.331s] Level 1:colcon.colcon_core.package_identification:_identify(src/robot_vision) by extensions ['colcon_pkg']
[0.331s] Level 1:colcon.colcon_core.package_identification:_identify(src/robot_vision) by extension 'colcon_pkg'
[0.331s] Level 1:colcon.colcon_core.package_identification:_identify(src/robot_vision) by extensions ['colcon_meta']
[0.331s] Level 1:colcon.colcon_core.package_identification:_identify(src/robot_vision) by extension 'colcon_meta'
[0.331s] Level 1:colcon.colcon_core.package_identification:_identify(src/robot_vision) by extensions ['ros']
[0.331s] Level 1:colcon.colcon_core.package_identification:_identify(src/robot_vision) by extension 'ros'
[0.332s] DEBUG:colcon.colcon_core.package_identification:Package 'src/robot_vision' with type 'ros.ament_python' and name 'robot_vision'
[0.332s] Level 1:colcon.colcon_core.package_discovery:discover_packages(recursive) using defaults
[0.332s] Level 1:colcon.colcon_core.package_discovery:discover_packages(ignore) discover
[0.332s] Level 1:colcon.colcon_core.package_discovery:discover_packages(ignore) using defaults
[0.332s] Level 1:colcon.colcon_core.package_discovery:discover_packages(path) discover
[0.332s] Level 1:colcon.colcon_core.package_discovery:discover_packages(path) using defaults
[0.373s] Level 1:colcon.colcon_core.package_discovery:discover_packages(prefix_path) check parameters
[0.373s] Level 1:colcon.colcon_core.package_discovery:discover_packages(prefix_path) discover
[0.374s] WARNING:colcon.colcon_ros.prefix_path.ament:The path '/home/atharva/robot_ws/install/robot_vision' in the environment variable AMENT_PREFIX_PATH doesn't exist
[0.374s] WARNING:colcon.colcon_ros.prefix_path.ament:The path '/home/atharva/robot_ws/install/robot_moveit' in the environment variable AMENT_PREFIX_PATH doesn't exist
[0.374s] WARNING:colcon.colcon_ros.prefix_path.ament:The path '/home/atharva/robot_ws/install/robot_description' in the environment variable AMENT_PREFIX_PATH doesn't exist
[0.374s] WARNING:colcon.colcon_ros.prefix_path.ament:The path '/home/atharva/robot_ws/install/robot_controller' in the environment variable AMENT_PREFIX_PATH doesn't exist
[0.374s] WARNING:colcon.colcon_ros.prefix_path.catkin:The path '/home/atharva/robot_ws/install/robot_moveit' in the environment variable CMAKE_PREFIX_PATH doesn't exist
[0.374s] WARNING:colcon.colcon_ros.prefix_path.catkin:The path '/home/atharva/robot_ws/install/robot_description' in the environment variable CMAKE_PREFIX_PATH doesn't exist
[0.374s] WARNING:colcon.colcon_ros.prefix_path.catkin:The path '/home/atharva/robot_ws/install/robot_controller' in the environment variable CMAKE_PREFIX_PATH doesn't exist
[0.375s] DEBUG:colcon.colcon_installed_package_information.package_discovery:Found 0 installed packages in /home/atharva/robot_ws/install
[0.375s] DEBUG:colcon.colcon_installed_package_information.package_discovery:Found 2 installed packages in /home/atharva/posha_ws/install
[0.377s] DEBUG:colcon.colcon_installed_package_information.package_discovery:Found 350 installed packages in /opt/ros/humble
[0.378s] Level 1:colcon.colcon_core.package_discovery:discover_packages(prefix_path) using defaults
[0.424s] Level 5:colcon.colcon_core.verb:set package 'robot_controller' build argument 'cmake_args' from command line to 'None'
[0.424s] Level 5:colcon.colcon_core.verb:set package 'robot_controller' build argument 'cmake_target' from command line to 'None'
[0.424s] Level 5:colcon.colcon_core.verb:set package 'robot_controller' build argument 'cmake_target_skip_unavailable' from command line to 'False'
[0.424s] Level 5:colcon.colcon_core.verb:set package 'robot_controller' build argument 'cmake_clean_cache' from command line to 'False'
[0.424s] Level 5:colcon.colcon_core.verb:set package 'robot_controller' build argument 'cmake_clean_first' from command line to 'False'
[0.424s] Level 5:colcon.colcon_core.verb:set package 'robot_controller' build argument 'cmake_force_configure' from command line to 'False'
[0.424s] Level 5:colcon.colcon_core.verb:set package 'robot_controller' build argument 'ament_cmake_args' from command line to 'None'
[0.424s] Level 5:colcon.colcon_core.verb:set package 'robot_controller' build argument 'catkin_cmake_args' from command line to 'None'
[0.424s] Level 5:colcon.colcon_core.verb:set package 'robot_controller' build argument 'catkin_skip_building_tests' from command line to 'False'
[0.425s] DEBUG:colcon.colcon_core.verb:Building package 'robot_controller' with the following arguments: {'ament_cmake_args': None, 'build_base': '/home/atharva/robot_ws/build/robot_controller', 'catkin_cmake_args': None, 'catkin_skip_building_tests': False, 'cmake_args': None, 'cmake_clean_cache': False, 'cmake_clean_first': False, 'cmake_force_configure': False, 'cmake_target': None, 'cmake_target_skip_unavailable': False, 'install_base': '/home/atharva/robot_ws/install/robot_controller', 'merge_install': False, 'path': '/home/atharva/robot_ws/src/robot_controller', 'symlink_install': False, 'test_result_base': None}
[0.425s] Level 5:colcon.colcon_core.verb:set package 'robot_description' build argument 'cmake_args' from command line to 'None'
[0.425s] Level 5:colcon.colcon_core.verb:set package 'robot_description' build argument 'cmake_target' from command line to 'None'
[0.425s] Level 5:colcon.colcon_core.verb:set package 'robot_description' build argument 'cmake_target_skip_unavailable' from command line to 'False'
[0.425s] Level 5:colcon.colcon_core.verb:set package 'robot_description' build argument 'cmake_clean_cache' from command line to 'False'
[0.425s] Level 5:colcon.colcon_core.verb:set package 'robot_description' build argument 'cmake_clean_first' from command line to 'False'
[0.425s] Level 5:colcon.colcon_core.verb:set package 'robot_description' build argument 'cmake_force_configure' from command line to 'False'
[0.425s] Level 5:colcon.colcon_core.verb:set package 'robot_description' build argument 'ament_cmake_args' from command line to 'None'
[0.425s] Level 5:colcon.colcon_core.verb:set package 'robot_description' build argument 'catkin_cmake_args' from command line to 'None'
[0.425s] Level 5:colcon.colcon_core.verb:set package 'robot_description' build argument 'catkin_skip_building_tests' from command line to 'False'
[0.425s] DEBUG:colcon.colcon_core.verb:Building package 'robot_description' with the following arguments: {'ament_cmake_args': None, 'build_base': '/home/atharva/robot_ws/build/robot_description', 'catkin_cmake_args': None, 'catkin_skip_building_tests': False, 'cmake_args': None, 'cmake_clean_cache': False, 'cmake_clean_first': False, 'cmake_force_configure': False, 'cmake_target': None, 'cmake_target_skip_unavailable': False, 'install_base': '/home/atharva/robot_ws/install/robot_description', 'merge_install': False, 'path': '/home/atharva/robot_ws/src/robot_description', 'symlink_install': False, 'test_result_base': None}
[0.425s] Level 5:colcon.colcon_core.verb:set package 'robot_vision' build argument 'cmake_args' from command line to 'None'
[0.425s] Level 5:colcon.colcon_core.verb:set package 'robot_vision' build argument 'cmake_target' from command line to 'None'
[0.425s] Level 5:colcon.colcon_core.verb:set package 'robot_vision' build argument 'cmake_target_skip_unavailable' from command line to 'False'
[0.425s] Level 5:colcon.colcon_core.verb:set package 'robot_vision' build argument 'cmake_clean_cache' from command line to 'False'
[0.425s] Level 5:colcon.colcon_core.verb:set package 'robot_vision' build argument 'cmake_clean_first' from command line to 'False'
[0.425s] Level 5:colcon.colcon_core.verb:set package 'robot_vision' build argument 'cmake_force_configure' from command line to 'False'
[0.425s] Level 5:colcon.colcon_core.verb:set package 'robot_vision' build argument 'ament_cmake_args' from command line to 'None'
[0.426s] Level 5:colcon.colcon_core.verb:set package 'robot_vision' build argument 'catkin_cmake_args' from command line to 'None'
[0.426s] Level 5:colcon.colcon_core.verb:set package 'robot_vision' build argument 'catkin_skip_building_tests' from command line to 'False'
[0.426s] DEBUG:colcon.colcon_core.verb:Building package 'robot_vision' with the following arguments: {'ament_cmake_args': None, 'build_base': '/home/atharva/robot_ws/build/robot_vision', 'catkin_cmake_args': None, 'catkin_skip_building_tests': False, 'cmake_args': None, 'cmake_clean_cache': False, 'cmake_clean_first': False, 'cmake_force_configure': False, 'cmake_target': None, 'cmake_target_skip_unavailable': False, 'install_base': '/home/atharva/robot_ws/install/robot_vision', 'merge_install': False, 'path': '/home/atharva/robot_ws/src/robot_vision', 'symlink_install': False, 'test_result_base': None}
[0.426s] Level 5:colcon.colcon_core.verb:set package 'robot_moveit' build argument 'cmake_args' from command line to 'None'
[0.426s] Level 5:colcon.colcon_core.verb:set package 'robot_moveit' build argument 'cmake_target' from command line to 'None'
[0.426s] Level 5:colcon.colcon_core.verb:set package 'robot_moveit' build argument 'cmake_target_skip_unavailable' from command line to 'False'
[0.426s] Level 5:colcon.colcon_core.verb:set package 'robot_moveit' build argument 'cmake_clean_cache' from command line to 'False'
[0.426s] Level 5:colcon.colcon_core.verb:set package 'robot_moveit' build argument 'cmake_clean_first' from command line to 'False'
[0.426s] Level 5:colcon.colcon_core.verb:set package 'robot_moveit' build argument 'cmake_force_configure' from command line to 'False'
[0.426s] Level 5:colcon.colcon_core.verb:set package 'robot_moveit' build argument 'ament_cmake_args' from command line to 'None'
[0.426s] Level 5:colcon.colcon_core.verb:set package 'robot_moveit' build argument 'catkin_cmake_args' from command line to 'None'
[0.426s] Level 5:colcon.colcon_core.verb:set package 'robot_moveit' build argument 'catkin_skip_building_tests' from command line to 'False'
[0.426s] DEBUG:colcon.colcon_core.verb:Building package 'robot_moveit' with the following arguments: {'ament_cmake_args': None, 'build_base': '/home/atharva/robot_ws/build/robot_moveit', 'catkin_cmake_args': None, 'catkin_skip_building_tests': False, 'cmake_args': None, 'cmake_clean_cache': False, 'cmake_clean_first': False, 'cmake_force_configure': False, 'cmake_target': None, 'cmake_target_skip_unavailable': False, 'install_base': '/home/atharva/robot_ws/install/robot_moveit', 'merge_install': False, 'path': '/home/atharva/robot_ws/src/robot_moveit', 'symlink_install': False, 'test_result_base': None}
[0.426s] INFO:colcon.colcon_core.executor:Executing jobs using 'parallel' executor
[0.427s] DEBUG:colcon.colcon_parallel_executor.executor.parallel:run_until_complete
[0.427s] INFO:colcon.colcon_ros.task.ament_cmake.build:Building ROS package in '/home/atharva/robot_ws/src/robot_description' with build type 'ament_cmake'
[0.428s] INFO:colcon.colcon_cmake.task.cmake.build:Building CMake package in '/home/atharva/robot_ws/src/robot_description'
[0.430s] INFO:colcon.colcon_core.plugin_system:Skipping extension 'colcon_core.shell.bat': Not used on non-Windows systems
[0.430s] INFO:colcon.colcon_core.shell:Skip shell extension 'powershell' for command environment: Not usable outside of PowerShell
[0.430s] DEBUG:colcon.colcon_core.shell:Skip shell extension 'dsv' for command environment
[0.436s] INFO:colcon.colcon_ros.task.ament_cmake.build:Building ROS package in '/home/atharva/robot_ws/src/robot_controller' with build type 'ament_cmake'
[0.436s] INFO:colcon.colcon_cmake.task.cmake.build:Building CMake package in '/home/atharva/robot_ws/src/robot_controller'
[0.437s] INFO:colcon.colcon_core.shell:Skip shell extension 'powershell' for command environment: Not usable outside of PowerShell
[0.437s] DEBUG:colcon.colcon_core.shell:Skip shell extension 'dsv' for command environment
[0.441s] INFO:colcon.colcon_ros.task.ament_python.build:Building ROS package in '/home/atharva/robot_ws/src/robot_vision' with build type 'ament_python'
[0.441s] Level 1:colcon.colcon_core.shell:create_environment_hook('robot_vision', 'ament_prefix_path')
[0.442s] INFO:colcon.colcon_core.shell:Creating environment hook '/home/atharva/robot_ws/install/robot_vision/share/robot_vision/hook/ament_prefix_path.ps1'
[0.443s] INFO:colcon.colcon_core.shell:Creating environment descriptor '/home/atharva/robot_ws/install/robot_vision/share/robot_vision/hook/ament_prefix_path.dsv'
[0.445s] INFO:colcon.colcon_core.shell:Creating environment hook '/home/atharva/robot_ws/install/robot_vision/share/robot_vision/hook/ament_prefix_path.sh'
[0.447s] INFO:colcon.colcon_core.shell:Skip shell extension 'powershell' for command environment: Not usable outside of PowerShell
[0.447s] DEBUG:colcon.colcon_core.shell:Skip shell extension 'dsv' for command environment
[0.459s] DEBUG:colcon.colcon_core.event_handler.log_command:Invoking command in '/home/atharva/robot_ws/build/robot_description': CMAKE_PREFIX_PATH=${CMAKE_PREFIX_PATH}:/home/atharva/robot_ws/install/robot_vision:/opt/ros/humble /usr/bin/cmake /home/atharva/robot_ws/src/robot_description -DCMAKE_INSTALL_PREFIX=/home/atharva/robot_ws/install/robot_description
[0.464s] DEBUG:colcon.colcon_core.event_handler.log_command:Invoking command in '/home/atharva/robot_ws/build/robot_controller': CMAKE_PREFIX_PATH=${CMAKE_PREFIX_PATH}:/home/atharva/robot_ws/install/robot_vision:/opt/ros/humble /usr/bin/cmake /home/atharva/robot_ws/src/robot_controller -DCMAKE_INSTALL_PREFIX=/home/atharva/robot_ws/install/robot_controller
[0.787s] INFO:colcon.colcon_core.task.python.build:Building Python package in '/home/atharva/robot_ws/src/robot_vision'
[0.788s] INFO:colcon.colcon_core.shell:Skip shell extension 'powershell' for command environment: Not usable outside of PowerShell
[0.788s] DEBUG:colcon.colcon_core.shell:Skip shell extension 'dsv' for command environment
[1.204s] DEBUG:colcon.colcon_core.event_handler.log_command:Invoking command in '/home/atharva/robot_ws/src/robot_vision': PYTHONPATH=/home/atharva/robot_ws/build/robot_vision/prefix_override:/usr/lib/python3/dist-packages/colcon_core/task/python/colcon_distutils_commands:/home/atharva/robot_ws/install/robot_vision/lib/python3.10/site-packages:${PYTHONPATH} /usr/bin/python3 -W ignore:setup.py install is deprecated -W ignore:easy_install command is deprecated setup.py egg_info --egg-base ../../build/robot_vision build --build-base /home/atharva/robot_ws/build/robot_vision/build install --record /home/atharva/robot_ws/build/robot_vision/install.log --single-version-externally-managed install_data
[1.238s] DEBUG:colcon.colcon_core.event_handler.log_command:Invoked command in '/home/atharva/robot_ws/build/robot_description' returned '0': CMAKE_PREFIX_PATH=${CMAKE_PREFIX_PATH}:/home/atharva/robot_ws/install/robot_vision:/opt/ros/humble /usr/bin/cmake /home/atharva/robot_ws/src/robot_description -DCMAKE_INSTALL_PREFIX=/home/atharva/robot_ws/install/robot_description
[1.240s] DEBUG:colcon.colcon_core.event_handler.log_command:Invoking command in '/home/atharva/robot_ws/build/robot_description': CMAKE_PREFIX_PATH=${CMAKE_PREFIX_PATH}:/home/atharva/robot_ws/install/robot_vision:/opt/ros/humble /usr/bin/cmake --build /home/atharva/robot_ws/build/robot_description -- -j20 -l20
[1.306s] DEBUG:colcon.colcon_core.event_handler.log_command:Invoked command in '/home/atharva/robot_ws/build/robot_description' returned '0': CMAKE_PREFIX_PATH=${CMAKE_PREFIX_PATH}:/home/atharva/robot_ws/install/robot_vision:/opt/ros/humble /usr/bin/cmake --build /home/atharva/robot_ws/build/robot_description -- -j20 -l20
[1.325s] DEBUG:colcon.colcon_core.event_handler.log_command:Invoking command in '/home/atharva/robot_ws/build/robot_description': CMAKE_PREFIX_PATH=${CMAKE_PREFIX_PATH}:/home/atharva/robot_ws/install/robot_vision:/opt/ros/humble /usr/bin/cmake --install /home/atharva/robot_ws/build/robot_description
[1.355s] Level 1:colcon.colcon_core.environment:create_environment_scripts_only(robot_description)
[1.355s] DEBUG:colcon.colcon_core.event_handler.log_command:Invoked command in '/home/atharva/robot_ws/build/robot_description' returned '0': CMAKE_PREFIX_PATH=${CMAKE_PREFIX_PATH}:/home/atharva/robot_ws/install/robot_vision:/opt/ros/humble /usr/bin/cmake --install /home/atharva/robot_ws/build/robot_description
[1.357s] Level 1:colcon.colcon_core.environment:checking '/home/atharva/robot_ws/install/robot_description' for CMake module files
[1.357s] Level 1:colcon.colcon_core.environment:checking '/home/atharva/robot_ws/install/robot_description' for CMake config files
[1.358s] Level 1:colcon.colcon_core.shell:create_environment_hook('robot_description', 'cmake_prefix_path')
[1.358s] INFO:colcon.colcon_core.shell:Creating environment hook '/home/atharva/robot_ws/install/robot_description/share/robot_description/hook/cmake_prefix_path.ps1'
[1.360s] INFO:colcon.colcon_core.shell:Creating environment descriptor '/home/atharva/robot_ws/install/robot_description/share/robot_description/hook/cmake_prefix_path.dsv'
[1.361s] INFO:colcon.colcon_core.shell:Creating environment hook '/home/atharva/robot_ws/install/robot_description/share/robot_description/hook/cmake_prefix_path.sh'
[1.365s] Level 1:colcon.colcon_core.environment:checking '/home/atharva/robot_ws/install/robot_description/bin'
[1.366s] Level 1:colcon.colcon_core.environment:checking '/home/atharva/robot_ws/install/robot_description/lib/pkgconfig/robot_description.pc'
[1.366s] Level 1:colcon.colcon_core.environment:checking '/home/atharva/robot_ws/install/robot_description/lib/python3.10/site-packages'
[1.368s] Level 1:colcon.colcon_core.environment:checking '/home/atharva/robot_ws/install/robot_description/bin'
[1.369s] INFO:colcon.colcon_core.shell:Creating package script '/home/atharva/robot_ws/install/robot_description/share/robot_description/package.ps1'
[1.373s] INFO:colcon.colcon_core.shell:Creating package descriptor '/home/atharva/robot_ws/install/robot_description/share/robot_description/package.dsv'
[1.374s] INFO:colcon.colcon_core.shell:Creating package script '/home/atharva/robot_ws/install/robot_description/share/robot_description/package.sh'
[1.375s] INFO:colcon.colcon_core.shell:Creating package script '/home/atharva/robot_ws/install/robot_description/share/robot_description/package.bash'
[1.375s] INFO:colcon.colcon_core.shell:Creating package script '/home/atharva/robot_ws/install/robot_description/share/robot_description/package.zsh'
[1.376s] Level 1:colcon.colcon_core.environment:create_file_with_runtime_dependencies(/home/atharva/robot_ws/install/robot_description/share/colcon-core/packages/robot_description)
[1.377s] Level 1:colcon.colcon_core.environment:create_environment_scripts_only(robot_description)
[1.377s] Level 1:colcon.colcon_core.environment:checking '/home/atharva/robot_ws/install/robot_description' for CMake module files
[1.378s] Level 1:colcon.colcon_core.environment:checking '/home/atharva/robot_ws/install/robot_description' for CMake config files
[1.378s] Level 1:colcon.colcon_core.shell:create_environment_hook('robot_description', 'cmake_prefix_path')
[1.378s] INFO:colcon.colcon_core.shell:Creating environment hook '/home/atharva/robot_ws/install/robot_description/share/robot_description/hook/cmake_prefix_path.ps1'
[1.379s] INFO:colcon.colcon_core.shell:Creating environment descriptor '/home/atharva/robot_ws/install/robot_description/share/robot_description/hook/cmake_prefix_path.dsv'
[1.379s] INFO:colcon.colcon_core.shell:Creating environment hook '/home/atharva/robot_ws/install/robot_description/share/robot_description/hook/cmake_prefix_path.sh'
[1.379s] Level 1:colcon.colcon_core.environment:checking '/home/atharva/robot_ws/install/robot_description/bin'
[1.379s] Level 1:colcon.colcon_core.environment:checking '/home/atharva/robot_ws/install/robot_description/lib/pkgconfig/robot_description.pc'
[1.380s] Level 1:colcon.colcon_core.environment:checking '/home/atharva/robot_ws/install/robot_description/lib/python3.10/site-packages'
[1.380s] Level 1:colcon.colcon_core.environment:checking '/home/atharva/robot_ws/install/robot_description/bin'
[1.380s] INFO:colcon.colcon_core.shell:Creating package script '/home/atharva/robot_ws/install/robot_description/share/robot_description/package.ps1'
[1.381s] INFO:colcon.colcon_core.shell:Creating package descriptor '/home/atharva/robot_ws/install/robot_description/share/robot_description/package.dsv'
[1.381s] INFO:colcon.colcon_core.shell:Creating package script '/home/atharva/robot_ws/install/robot_description/share/robot_description/package.sh'
[1.382s] INFO:colcon.colcon_core.shell:Creating package script '/home/atharva/robot_ws/install/robot_description/share/robot_description/package.bash'
[1.382s] INFO:colcon.colcon_core.shell:Creating package script '/home/atharva/robot_ws/install/robot_description/share/robot_description/package.zsh'
[1.382s] Level 1:colcon.colcon_core.environment:create_file_with_runtime_dependencies(/home/atharva/robot_ws/install/robot_description/share/colcon-core/packages/robot_description)
[1.383s] INFO:colcon.colcon_ros.task.ament_cmake.build:Building ROS package in '/home/atharva/robot_ws/src/robot_moveit' with build type 'ament_cmake'
[1.383s] INFO:colcon.colcon_cmake.task.cmake.build:Building CMake package in '/home/atharva/robot_ws/src/robot_moveit'
[1.383s] INFO:colcon.colcon_core.shell:Skip shell extension 'powershell' for command environment: Not usable outside of PowerShell
[1.383s] DEBUG:colcon.colcon_core.shell:Skip shell extension 'dsv' for command environment
[1.389s] DEBUG:colcon.colcon_core.event_handler.log_command:Invoked command in '/home/atharva/robot_ws/build/robot_controller' returned '0': CMAKE_PREFIX_PATH=${CMAKE_PREFIX_PATH}:/home/atharva/robot_ws/install/robot_vision:/opt/ros/humble /usr/bin/cmake /home/atharva/robot_ws/src/robot_controller -DCMAKE_INSTALL_PREFIX=/home/atharva/robot_ws/install/robot_controller
[1.391s] DEBUG:colcon.colcon_core.event_handler.log_command:Invoking command in '/home/atharva/robot_ws/build/robot_controller': CMAKE_PREFIX_PATH=${CMAKE_PREFIX_PATH}:/home/atharva/robot_ws/install/robot_vision:/opt/ros/humble /usr/bin/cmake --build /home/atharva/robot_ws/build/robot_controller -- -j20 -l20
[1.397s] DEBUG:colcon.colcon_core.event_handler.log_command:Invoking command in '/home/atharva/robot_ws/build/robot_moveit': CMAKE_PREFIX_PATH=/home/atharva/robot_ws/install/robot_description:/home/atharva/robot_ws/install/robot_moveit:/home/atharva/robot_ws/install/robot_controller:/home/atharva/posha_ws/install/bot_description:/home/atharva/posha_ws/install/bot_controller:/home/atharva/robot_ws/install/robot_vision:/opt/ros/humble /usr/bin/cmake /home/atharva/robot_ws/src/robot_moveit -DCMAKE_INSTALL_PREFIX=/home/atharva/robot_ws/install/robot_moveit
[1.516s] Level 1:colcon.colcon_core.environment:checking '/home/atharva/robot_ws/install/robot_vision' for CMake module files
[1.517s] DEBUG:colcon.colcon_core.event_handler.log_command:Invoked command in '/home/atharva/robot_ws/src/robot_vision' returned '0': PYTHONPATH=/home/atharva/robot_ws/build/robot_vision/prefix_override:/usr/lib/python3/dist-packages/colcon_core/task/python/colcon_distutils_commands:/home/atharva/robot_ws/install/robot_vision/lib/python3.10/site-packages:${PYTHONPATH} /usr/bin/python3 -W ignore:setup.py install is deprecated -W ignore:easy_install command is deprecated setup.py egg_info --egg-base ../../build/robot_vision build --build-base /home/atharva/robot_ws/build/robot_vision/build install --record /home/atharva/robot_ws/build/robot_vision/install.log --single-version-externally-managed install_data
[1.518s] Level 1:colcon.colcon_core.environment:checking '/home/atharva/robot_ws/install/robot_vision' for CMake config files
[1.518s] Level 1:colcon.colcon_core.environment:checking '/home/atharva/robot_ws/install/robot_vision/lib'
[1.518s] Level 1:colcon.colcon_core.environment:checking '/home/atharva/robot_ws/install/robot_vision/bin'
[1.518s] Level 1:colcon.colcon_core.environment:checking '/home/atharva/robot_ws/install/robot_vision/lib/pkgconfig/robot_vision.pc'
[1.519s] Level 1:colcon.colcon_core.environment:checking '/home/atharva/robot_ws/install/robot_vision/lib/python3.10/site-packages'
[1.519s] Level 1:colcon.colcon_core.shell:create_environment_hook('robot_vision', 'pythonpath')
[1.519s] INFO:colcon.colcon_core.shell:Creating environment hook '/home/atharva/robot_ws/install/robot_vision/share/robot_vision/hook/pythonpath.ps1'
[1.519s] INFO:colcon.colcon_core.shell:Creating environment descriptor '/home/atharva/robot_ws/install/robot_vision/share/robot_vision/hook/pythonpath.dsv'
[1.520s] INFO:colcon.colcon_core.shell:Creating environment hook '/home/atharva/robot_ws/install/robot_vision/share/robot_vision/hook/pythonpath.sh'
[1.520s] Level 1:colcon.colcon_core.environment:checking '/home/atharva/robot_ws/install/robot_vision/bin'
[1.520s] Level 1:colcon.colcon_core.environment:create_environment_scripts_only(robot_vision)
[1.521s] INFO:colcon.colcon_core.shell:Creating package script '/home/atharva/robot_ws/install/robot_vision/share/robot_vision/package.ps1'
[1.521s] INFO:colcon.colcon_core.shell:Creating package descriptor '/home/atharva/robot_ws/install/robot_vision/share/robot_vision/package.dsv'
[1.521s] INFO:colcon.colcon_core.shell:Creating package script '/home/atharva/robot_ws/install/robot_vision/share/robot_vision/package.sh'
[1.522s] INFO:colcon.colcon_core.shell:Creating package script '/home/atharva/robot_ws/install/robot_vision/share/robot_vision/package.bash'
[1.522s] INFO:colcon.colcon_core.shell:Creating package script '/home/atharva/robot_ws/install/robot_vision/share/robot_vision/package.zsh'
[1.522s] Level 1:colcon.colcon_core.environment:create_file_with_runtime_dependencies(/home/atharva/robot_ws/install/robot_vision/share/colcon-core/packages/robot_vision)
[1.803s] DEBUG:colcon.colcon_core.event_handler.log_command:Invoked command in '/home/atharva/robot_ws/build/robot_controller' returned '0': CMAKE_PREFIX_PATH=${CMAKE_PREFIX_PATH}:/home/atharva/robot_ws/install/robot_vision:/opt/ros/humble /usr/bin/cmake --build /home/atharva/robot_ws/build/robot_controller -- -j20 -l20
[1.807s] DEBUG:colcon.colcon_core.event_handler.log_command:Invoking command in '/home/atharva/robot_ws/build/robot_controller': CMAKE_PREFIX_PATH=${CMAKE_PREFIX_PATH}:/home/atharva/robot_ws/install/robot_vision:/opt/ros/humble /usr/bin/cmake --install /home/atharva/robot_ws/build/robot_controller
[1.864s] Level 1:colcon.colcon_core.environment:create_environment_scripts_only(robot_controller)
[1.865s] Level 1:colcon.colcon_core.environment:checking '/home/atharva/robot_ws/install/robot_controller' for CMake module files
[1.865s] DEBUG:colcon.colcon_core.event_handler.log_command:Invoked command in '/home/atharva/robot_ws/build/robot_controller' returned '0': CMAKE_PREFIX_PATH=${CMAKE_PREFIX_PATH}:/home/atharva/robot_ws/install/robot_vision:/opt/ros/humble /usr/bin/cmake --install /home/atharva/robot_ws/build/robot_controller
[1.866s] Level 1:colcon.colcon_core.environment:checking '/home/atharva/robot_ws/install/robot_controller' for CMake config files
[1.866s] Level 1:colcon.colcon_core.shell:create_environment_hook('robot_controller', 'cmake_prefix_path')
[1.866s] INFO:colcon.colcon_core.shell:Creating environment hook '/home/atharva/robot_ws/install/robot_controller/share/robot_controller/hook/cmake_prefix_path.ps1'
[1.867s] INFO:colcon.colcon_core.shell:Creating environment descriptor '/home/atharva/robot_ws/install/robot_controller/share/robot_controller/hook/cmake_prefix_path.dsv'
[1.867s] INFO:colcon.colcon_core.shell:Creating environment hook '/home/atharva/robot_ws/install/robot_controller/share/robot_controller/hook/cmake_prefix_path.sh'
[1.867s] Level 1:colcon.colcon_core.environment:checking '/home/atharva/robot_ws/install/robot_controller/lib'
[1.868s] Level 1:colcon.colcon_core.environment:checking '/home/atharva/robot_ws/install/robot_controller/bin'
[1.868s] Level 1:colcon.colcon_core.environment:checking '/home/atharva/robot_ws/install/robot_controller/lib/pkgconfig/robot_controller.pc'
[1.868s] Level 1:colcon.colcon_core.environment:checking '/home/atharva/robot_ws/install/robot_controller/lib/python3.10/site-packages'
[1.868s] Level 1:colcon.colcon_core.environment:checking '/home/atharva/robot_ws/install/robot_controller/bin'
[1.868s] INFO:colcon.colcon_core.shell:Creating package script '/home/atharva/robot_ws/install/robot_controller/share/robot_controller/package.ps1'
[1.869s] INFO:colcon.colcon_core.shell:Creating package descriptor '/home/atharva/robot_ws/install/robot_controller/share/robot_controller/package.dsv'
[1.869s] INFO:colcon.colcon_core.shell:Creating package script '/home/atharva/robot_ws/install/robot_controller/share/robot_controller/package.sh'
[1.869s] INFO:colcon.colcon_core.shell:Creating package script '/home/atharva/robot_ws/install/robot_controller/share/robot_controller/package.bash'
[1.870s] INFO:colcon.colcon_core.shell:Creating package script '/home/atharva/robot_ws/install/robot_controller/share/robot_controller/package.zsh'
[1.870s] Level 1:colcon.colcon_core.environment:create_file_with_runtime_dependencies(/home/atharva/robot_ws/install/robot_controller/share/colcon-core/packages/robot_controller)
[1.871s] Level 1:colcon.colcon_core.environment:create_environment_scripts_only(robot_controller)
[1.871s] Level 1:colcon.colcon_core.environment:checking '/home/atharva/robot_ws/install/robot_controller' for CMake module files
[1.871s] Level 1:colcon.colcon_core.environment:checking '/home/atharva/robot_ws/install/robot_controller' for CMake config files
[1.871s] Level 1:colcon.colcon_core.shell:create_environment_hook('robot_controller', 'cmake_prefix_path')
[1.871s] INFO:colcon.colcon_core.shell:Creating environment hook '/home/atharva/robot_ws/install/robot_controller/share/robot_controller/hook/cmake_prefix_path.ps1'
[1.872s] INFO:colcon.colcon_core.shell:Creating environment descriptor '/home/atharva/robot_ws/install/robot_controller/share/robot_controller/hook/cmake_prefix_path.dsv'
[1.872s] INFO:colcon.colcon_core.shell:Creating environment hook '/home/atharva/robot_ws/install/robot_controller/share/robot_controller/hook/cmake_prefix_path.sh'
[1.873s] Level 1:colcon.colcon_core.environment:checking '/home/atharva/robot_ws/install/robot_controller/lib'
[1.873s] Level 1:colcon.colcon_core.environment:checking '/home/atharva/robot_ws/install/robot_controller/bin'
[1.873s] Level 1:colcon.colcon_core.environment:checking '/home/atharva/robot_ws/install/robot_controller/lib/pkgconfig/robot_controller.pc'
[1.873s] Level 1:colcon.colcon_core.environment:checking '/home/atharva/robot_ws/install/robot_controller/lib/python3.10/site-packages'
[1.873s] Level 1:colcon.colcon_core.environment:checking '/home/atharva/robot_ws/install/robot_controller/bin'
[1.873s] INFO:colcon.colcon_core.shell:Creating package script '/home/atharva/robot_ws/install/robot_controller/share/robot_controller/package.ps1'
[1.874s] INFO:colcon.colcon_core.shell:Creating package descriptor '/home/atharva/robot_ws/install/robot_controller/share/robot_controller/package.dsv'
[1.874s] INFO:colcon.colcon_core.shell:Creating package script '/home/atharva/robot_ws/install/robot_controller/share/robot_controller/package.sh'
[1.875s] INFO:colcon.colcon_core.shell:Creating package script '/home/atharva/robot_ws/install/robot_controller/share/robot_controller/package.bash'
[1.875s] INFO:colcon.colcon_core.shell:Creating package script '/home/atharva/robot_ws/install/robot_controller/share/robot_controller/package.zsh'
[1.875s] Level 1:colcon.colcon_core.environment:create_file_with_runtime_dependencies(/home/atharva/robot_ws/install/robot_controller/share/colcon-core/packages/robot_controller)
[2.154s] DEBUG:colcon.colcon_core.event_handler.log_command:Invoked command in '/home/atharva/robot_ws/build/robot_moveit' returned '0': CMAKE_PREFIX_PATH=/home/atharva/robot_ws/install/robot_description:/home/atharva/robot_ws/install/robot_moveit:/home/atharva/robot_ws/install/robot_controller:/home/atharva/posha_ws/install/bot_description:/home/atharva/posha_ws/install/bot_controller:/home/atharva/robot_ws/install/robot_vision:/opt/ros/humble /usr/bin/cmake /home/atharva/robot_ws/src/robot_moveit -DCMAKE_INSTALL_PREFIX=/home/atharva/robot_ws/install/robot_moveit
[2.155s] DEBUG:colcon.colcon_core.event_handler.log_command:Invoking command in '/home/atharva/robot_ws/build/robot_moveit': CMAKE_PREFIX_PATH=/home/atharva/robot_ws/install/robot_description:/home/atharva/robot_ws/install/robot_moveit:/home/atharva/robot_ws/install/robot_controller:/home/atharva/posha_ws/install/bot_description:/home/atharva/posha_ws/install/bot_controller:/home/atharva/robot_ws/install/robot_vision:/opt/ros/humble /usr/bin/cmake --build /home/atharva/robot_ws/build/robot_moveit -- -j20 -l20
[2.207s] DEBUG:colcon.colcon_core.event_handler.log_command:Invoked command in '/home/atharva/robot_ws/build/robot_moveit' returned '0': CMAKE_PREFIX_PATH=/home/atharva/robot_ws/install/robot_description:/home/atharva/robot_ws/install/robot_moveit:/home/atharva/robot_ws/install/robot_controller:/home/atharva/posha_ws/install/bot_description:/home/atharva/posha_ws/install/bot_controller:/home/atharva/robot_ws/install/robot_vision:/opt/ros/humble /usr/bin/cmake --build /home/atharva/robot_ws/build/robot_moveit -- -j20 -l20
[2.208s] DEBUG:colcon.colcon_core.event_handler.log_command:Invoking command in '/home/atharva/robot_ws/build/robot_moveit': CMAKE_PREFIX_PATH=/home/atharva/robot_ws/install/robot_description:/home/atharva/robot_ws/install/robot_moveit:/home/atharva/robot_ws/install/robot_controller:/home/atharva/posha_ws/install/bot_description:/home/atharva/posha_ws/install/bot_controller:/home/atharva/robot_ws/install/robot_vision:/opt/ros/humble /usr/bin/cmake --install /home/atharva/robot_ws/build/robot_moveit
[2.226s] Level 1:colcon.colcon_core.environment:create_environment_scripts_only(robot_moveit)
[2.227s] Level 1:colcon.colcon_core.environment:checking '/home/atharva/robot_ws/install/robot_moveit' for CMake module files
[2.227s] DEBUG:colcon.colcon_core.event_handler.log_command:Invoked command in '/home/atharva/robot_ws/build/robot_moveit' returned '0': CMAKE_PREFIX_PATH=/home/atharva/robot_ws/install/robot_description:/home/atharva/robot_ws/install/robot_moveit:/home/atharva/robot_ws/install/robot_controller:/home/atharva/posha_ws/install/bot_description:/home/atharva/posha_ws/install/bot_controller:/home/atharva/robot_ws/install/robot_vision:/opt/ros/humble /usr/bin/cmake --install /home/atharva/robot_ws/build/robot_moveit
[2.229s] Level 1:colcon.colcon_core.environment:checking '/home/atharva/robot_ws/install/robot_moveit' for CMake config files
[2.230s] Level 1:colcon.colcon_core.shell:create_environment_hook('robot_moveit', 'cmake_prefix_path')
[2.231s] INFO:colcon.colcon_core.shell:Creating environment hook '/home/atharva/robot_ws/install/robot_moveit/share/robot_moveit/hook/cmake_prefix_path.ps1'
[2.233s] INFO:colcon.colcon_core.shell:Creating environment descriptor '/home/atharva/robot_ws/install/robot_moveit/share/robot_moveit/hook/cmake_prefix_path.dsv'
[2.233s] INFO:colcon.colcon_core.shell:Creating environment hook '/home/atharva/robot_ws/install/robot_moveit/share/robot_moveit/hook/cmake_prefix_path.sh'
[2.234s] Level 1:colcon.colcon_core.environment:checking '/home/atharva/robot_ws/install/robot_moveit/bin'
[2.234s] Level 1:colcon.colcon_core.environment:checking '/home/atharva/robot_ws/install/robot_moveit/lib/pkgconfig/robot_moveit.pc'
[2.234s] Level 1:colcon.colcon_core.environment:checking '/home/atharva/robot_ws/install/robot_moveit/lib/python3.10/site-packages'
[2.234s] Level 1:colcon.colcon_core.environment:checking '/home/atharva/robot_ws/install/robot_moveit/bin'
[2.235s] INFO:colcon.colcon_core.shell:Creating package script '/home/atharva/robot_ws/install/robot_moveit/share/robot_moveit/package.ps1'
[2.235s] INFO:colcon.colcon_core.shell:Creating package descriptor '/home/atharva/robot_ws/install/robot_moveit/share/robot_moveit/package.dsv'
[2.236s] INFO:colcon.colcon_core.shell:Creating package script '/home/atharva/robot_ws/install/robot_moveit/share/robot_moveit/package.sh'
[2.236s] INFO:colcon.colcon_core.shell:Creating package script '/home/atharva/robot_ws/install/robot_moveit/share/robot_moveit/package.bash'
[2.236s] INFO:colcon.colcon_core.shell:Creating package script '/home/atharva/robot_ws/install/robot_moveit/share/robot_moveit/package.zsh'
[2.236s] Level 1:colcon.colcon_core.environment:create_file_with_runtime_dependencies(/home/atharva/robot_ws/install/robot_moveit/share/colcon-core/packages/robot_moveit)
[2.237s] Level 1:colcon.colcon_core.environment:create_environment_scripts_only(robot_moveit)
[2.237s] Level 1:colcon.colcon_core.environment:checking '/home/atharva/robot_ws/install/robot_moveit' for CMake module files
[2.238s] Level 1:colcon.colcon_core.environment:checking '/home/atharva/robot_ws/install/robot_moveit' for CMake config files
[2.238s] Level 1:colcon.colcon_core.shell:create_environment_hook('robot_moveit', 'cmake_prefix_path')
[2.238s] INFO:colcon.colcon_core.shell:Creating environment hook '/home/atharva/robot_ws/install/robot_moveit/share/robot_moveit/hook/cmake_prefix_path.ps1'
[2.238s] INFO:colcon.colcon_core.shell:Creating environment descriptor '/home/atharva/robot_ws/install/robot_moveit/share/robot_moveit/hook/cmake_prefix_path.dsv'
[2.239s] INFO:colcon.colcon_core.shell:Creating environment hook '/home/atharva/robot_ws/install/robot_moveit/share/robot_moveit/hook/cmake_prefix_path.sh'
[2.239s] Level 1:colcon.colcon_core.environment:checking '/home/atharva/robot_ws/install/robot_moveit/bin'
[2.239s] Level 1:colcon.colcon_core.environment:checking '/home/atharva/robot_ws/install/robot_moveit/lib/pkgconfig/robot_moveit.pc'
[2.240s] Level 1:colcon.colcon_core.environment:checking '/home/atharva/robot_ws/install/robot_moveit/lib/python3.10/site-packages'
[2.240s] Level 1:colcon.colcon_core.environment:checking '/home/atharva/robot_ws/install/robot_moveit/bin'
[2.240s] INFO:colcon.colcon_core.shell:Creating package script '/home/atharva/robot_ws/install/robot_moveit/share/robot_moveit/package.ps1'
[2.241s] INFO:colcon.colcon_core.shell:Creating package descriptor '/home/atharva/robot_ws/install/robot_moveit/share/robot_moveit/package.dsv'
[2.241s] INFO:colcon.colcon_core.shell:Creating package script '/home/atharva/robot_ws/install/robot_moveit/share/robot_moveit/package.sh'
[2.241s] INFO:colcon.colcon_core.shell:Creating package script '/home/atharva/robot_ws/install/robot_moveit/share/robot_moveit/package.bash'
[2.242s] INFO:colcon.colcon_core.shell:Creating package script '/home/atharva/robot_ws/install/robot_moveit/share/robot_moveit/package.zsh'
[2.242s] Level 1:colcon.colcon_core.environment:create_file_with_runtime_dependencies(/home/atharva/robot_ws/install/robot_moveit/share/colcon-core/packages/robot_moveit)
[2.242s] DEBUG:colcon.colcon_parallel_executor.executor.parallel:closing loop
[2.243s] DEBUG:colcon.colcon_parallel_executor.executor.parallel:loop closed
[2.243s] DEBUG:colcon.colcon_parallel_executor.executor.parallel:run_until_complete finished with '0'
[2.243s] DEBUG:colcon.colcon_core.event_reactor:joining thread
[2.256s] INFO:colcon.colcon_core.plugin_system:Skipping extension 'colcon_notification.desktop_notification.terminal_notifier': Not used on non-Darwin systems
[2.256s] INFO:colcon.colcon_core.plugin_system:Skipping extension 'colcon_notification.desktop_notification.win32': Not used on non-Windows systems
[2.256s] INFO:colcon.colcon_notification.desktop_notification:Sending desktop notification using 'notify2'
[2.272s] DEBUG:colcon.colcon_core.event_reactor:joined thread
[2.272s] INFO:colcon.colcon_core.shell:Creating prefix script '/home/atharva/robot_ws/install/local_setup.ps1'
[2.273s] INFO:colcon.colcon_core.shell:Creating prefix util module '/home/atharva/robot_ws/install/_local_setup_util_ps1.py'
[2.274s] INFO:colcon.colcon_core.shell:Creating prefix chain script '/home/atharva/robot_ws/install/setup.ps1'
[2.275s] INFO:colcon.colcon_core.shell:Creating prefix script '/home/atharva/robot_ws/install/local_setup.sh'
[2.275s] INFO:colcon.colcon_core.shell:Creating prefix util module '/home/atharva/robot_ws/install/_local_setup_util_sh.py'
[2.276s] INFO:colcon.colcon_core.shell:Creating prefix chain script '/home/atharva/robot_ws/install/setup.sh'
[2.279s] INFO:colcon.colcon_core.shell:Creating prefix script '/home/atharva/robot_ws/install/local_setup.bash'
[2.280s] INFO:colcon.colcon_core.shell:Creating prefix chain script '/home/atharva/robot_ws/install/setup.bash'
[2.281s] INFO:colcon.colcon_core.shell:Creating prefix script '/home/atharva/robot_ws/install/local_setup.zsh'
[2.283s] INFO:colcon.colcon_core.shell:Creating prefix chain script '/home/atharva/robot_ws/install/setup.zsh'
