[0.014s] Invoking command in '/home/atharva/robot_ws/build/pymoveit2': CMAKE_PREFIX_PATH=${CMAKE_PREFIX_PATH}:/home/atharva/robot_ws/install/robot_vision:/opt/ros/humble /usr/bin/cmake --build /home/atharva/robot_ws/build/pymoveit2 -- -j20 -l20
[0.053s] Built target ament_cmake_python_copy_pymoveit2
[0.188s] running egg_info
[0.190s] writing pymoveit2.egg-info/PKG-INFO
[0.190s] writing dependency_links to pymoveit2.egg-info/dependency_links.txt
[0.190s] writing top-level names to pymoveit2.egg-info/top_level.txt
[0.190s] reading manifest file 'pymoveit2.egg-info/SOURCES.txt'
[0.191s] writing manifest file 'pymoveit2.egg-info/SOURCES.txt'
[0.209s] Built target ament_cmake_python_build_pymoveit2_egg
[0.215s] Invoked command in '/home/atharva/robot_ws/build/pymoveit2' returned '0': CMAKE_PREFIX_PATH=${CMAKE_PREFIX_PATH}:/home/atharva/robot_ws/install/robot_vision:/opt/ros/humble /usr/bin/cmake --build /home/atharva/robot_ws/build/pymoveit2 -- -j20 -l20
[0.215s] Invoking command in '/home/atharva/robot_ws/build/pymoveit2': CMAKE_PREFIX_PATH=${CMAKE_PREFIX_PATH}:/home/atharva/robot_ws/install/robot_vision:/opt/ros/humble /usr/bin/cmake --install /home/atharva/robot_ws/build/pymoveit2
[0.220s] -- Install configuration: ""
[0.220s] -- Up-to-date: /home/atharva/robot_ws/install/pymoveit2/share/pymoveit2/environment/pythonpath.sh
[0.221s] -- Up-to-date: /home/atharva/robot_ws/install/pymoveit2/share/pymoveit2/environment/pythonpath.dsv
[0.221s] -- Up-to-date: /home/atharva/robot_ws/install/pymoveit2/local/lib/python3.10/dist-packages/pymoveit2-4.0.0-py3.10.egg-info
[0.221s] -- Installing: /home/atharva/robot_ws/install/pymoveit2/local/lib/python3.10/dist-packages/pymoveit2-4.0.0-py3.10.egg-info/SOURCES.txt
[0.221s] -- Installing: /home/atharva/robot_ws/install/pymoveit2/local/lib/python3.10/dist-packages/pymoveit2-4.0.0-py3.10.egg-info/top_level.txt
[0.221s] -- Installing: /home/atharva/robot_ws/install/pymoveit2/local/lib/python3.10/dist-packages/pymoveit2-4.0.0-py3.10.egg-info/PKG-INFO
[0.221s] -- Installing: /home/atharva/robot_ws/install/pymoveit2/local/lib/python3.10/dist-packages/pymoveit2-4.0.0-py3.10.egg-info/dependency_links.txt
[0.221s] -- Up-to-date: /home/atharva/robot_ws/install/pymoveit2/local/lib/python3.10/dist-packages/pymoveit2
[0.221s] -- Up-to-date: /home/atharva/robot_ws/install/pymoveit2/local/lib/python3.10/dist-packages/pymoveit2/utils.py
[0.221s] -- Up-to-date: /home/atharva/robot_ws/install/pymoveit2/local/lib/python3.10/dist-packages/pymoveit2/moveit2_servo.py
[0.221s] -- Up-to-date: /home/atharva/robot_ws/install/pymoveit2/local/lib/python3.10/dist-packages/pymoveit2/moveit2.py
[0.221s] -- Up-to-date: /home/atharva/robot_ws/install/pymoveit2/local/lib/python3.10/dist-packages/pymoveit2/moveit2_gripper.py
[0.221s] -- Up-to-date: /home/atharva/robot_ws/install/pymoveit2/local/lib/python3.10/dist-packages/pymoveit2/__init__.py
[0.221s] -- Up-to-date: /home/atharva/robot_ws/install/pymoveit2/local/lib/python3.10/dist-packages/pymoveit2/gripper_interface.py
[0.221s] -- Up-to-date: /home/atharva/robot_ws/install/pymoveit2/local/lib/python3.10/dist-packages/pymoveit2/robots
[0.221s] -- Up-to-date: /home/atharva/robot_ws/install/pymoveit2/local/lib/python3.10/dist-packages/pymoveit2/robots/panda.py
[0.222s] -- Up-to-date: /home/atharva/robot_ws/install/pymoveit2/local/lib/python3.10/dist-packages/pymoveit2/robots/phantomx_pincher.py
[0.222s] -- Up-to-date: /home/atharva/robot_ws/install/pymoveit2/local/lib/python3.10/dist-packages/pymoveit2/robots/crane_x7.py
[0.222s] -- Up-to-date: /home/atharva/robot_ws/install/pymoveit2/local/lib/python3.10/dist-packages/pymoveit2/robots/kinova.py
[0.222s] -- Up-to-date: /home/atharva/robot_ws/install/pymoveit2/local/lib/python3.10/dist-packages/pymoveit2/robots/__init__.py
[0.222s] -- Up-to-date: /home/atharva/robot_ws/install/pymoveit2/local/lib/python3.10/dist-packages/pymoveit2/robots/lbr.py
[0.222s] -- Up-to-date: /home/atharva/robot_ws/install/pymoveit2/local/lib/python3.10/dist-packages/pymoveit2/robots/ur.py
[0.222s] -- Up-to-date: /home/atharva/robot_ws/install/pymoveit2/local/lib/python3.10/dist-packages/pymoveit2/gripper_command.py
[0.242s] Listing '/home/atharva/robot_ws/install/pymoveit2/local/lib/python3.10/dist-packages/pymoveit2'...
[0.242s] Listing '/home/atharva/robot_ws/install/pymoveit2/local/lib/python3.10/dist-packages/pymoveit2/robots'...
[0.244s] -- Up-to-date: /home/atharva/robot_ws/install/pymoveit2/lib/pymoveit2/ex_allow_collisions.py
[0.244s] -- Up-to-date: /home/atharva/robot_ws/install/pymoveit2/lib/pymoveit2/ex_clear_planning_scene.py
[0.245s] -- Up-to-date: /home/atharva/robot_ws/install/pymoveit2/lib/pymoveit2/ex_collision_mesh.py
[0.245s] -- Up-to-date: /home/atharva/robot_ws/install/pymoveit2/lib/pymoveit2/ex_collision_primitive.py
[0.245s] -- Up-to-date: /home/atharva/robot_ws/install/pymoveit2/lib/pymoveit2/ex_fk.py
[0.245s] -- Up-to-date: /home/atharva/robot_ws/install/pymoveit2/lib/pymoveit2/ex_gripper.py
[0.245s] -- Up-to-date: /home/atharva/robot_ws/install/pymoveit2/lib/pymoveit2/ex_ik.py
[0.245s] -- Up-to-date: /home/atharva/robot_ws/install/pymoveit2/lib/pymoveit2/ex_joint_goal.py
[0.245s] -- Up-to-date: /home/atharva/robot_ws/install/pymoveit2/lib/pymoveit2/ex_orientation_path_constraint.py
[0.245s] -- Up-to-date: /home/atharva/robot_ws/install/pymoveit2/lib/pymoveit2/ex_pose_goal.py
[0.245s] -- Up-to-date: /home/atharva/robot_ws/install/pymoveit2/lib/pymoveit2/ex_servo.py
[0.245s] -- Up-to-date: /home/atharva/robot_ws/install/pymoveit2/lib/pymoveit2/pick_and_place.py
[0.245s] -- Up-to-date: /home/atharva/robot_ws/install/pymoveit2/share/ament_index/resource_index/package_run_dependencies/pymoveit2
[0.246s] -- Up-to-date: /home/atharva/robot_ws/install/pymoveit2/share/ament_index/resource_index/parent_prefix_path/pymoveit2
[0.246s] -- Up-to-date: /home/atharva/robot_ws/install/pymoveit2/share/pymoveit2/environment/ament_prefix_path.sh
[0.246s] -- Up-to-date: /home/atharva/robot_ws/install/pymoveit2/share/pymoveit2/environment/ament_prefix_path.dsv
[0.246s] -- Up-to-date: /home/atharva/robot_ws/install/pymoveit2/share/pymoveit2/environment/path.sh
[0.246s] -- Up-to-date: /home/atharva/robot_ws/install/pymoveit2/share/pymoveit2/environment/path.dsv
[0.246s] -- Up-to-date: /home/atharva/robot_ws/install/pymoveit2/share/pymoveit2/local_setup.bash
[0.246s] -- Up-to-date: /home/atharva/robot_ws/install/pymoveit2/share/pymoveit2/local_setup.sh
[0.246s] -- Up-to-date: /home/atharva/robot_ws/install/pymoveit2/share/pymoveit2/local_setup.zsh
[0.246s] -- Up-to-date: /home/atharva/robot_ws/install/pymoveit2/share/pymoveit2/local_setup.dsv
[0.246s] -- Installing: /home/atharva/robot_ws/install/pymoveit2/share/pymoveit2/package.dsv
[0.246s] -- Up-to-date: /home/atharva/robot_ws/install/pymoveit2/share/ament_index/resource_index/packages/pymoveit2
[0.246s] -- Up-to-date: /home/atharva/robot_ws/install/pymoveit2/share/pymoveit2/cmake/pymoveit2Config.cmake
[0.246s] -- Up-to-date: /home/atharva/robot_ws/install/pymoveit2/share/pymoveit2/cmake/pymoveit2Config-version.cmake
[0.246s] -- Up-to-date: /home/atharva/robot_ws/install/pymoveit2/share/pymoveit2/package.xml
[0.265s] Invoked command in '/home/atharva/robot_ws/build/pymoveit2' returned '0': CMAKE_PREFIX_PATH=${CMAKE_PREFIX_PATH}:/home/atharva/robot_ws/install/robot_vision:/opt/ros/humble /usr/bin/cmake --install /home/atharva/robot_ws/build/pymoveit2
