[0.368s] Invoking command in '/home/atharva/robot_ws/src/robot_vision': PYTHONPATH=/home/atharva/robot_ws/build/robot_vision/prefix_override:/usr/lib/python3/dist-packages/colcon_core/task/python/colcon_distutils_commands:/home/atharva/robot_ws/install/robot_vision/lib/python3.10/site-packages:${PYTHONPATH} /usr/bin/python3 -W ignore:setup.py install is deprecated -W ignore:easy_install command is deprecated setup.py egg_info --egg-base ../../build/robot_vision build --build-base /home/atharva/robot_ws/build/robot_vision/build install --record /home/atharva/robot_ws/build/robot_vision/install.log --single-version-externally-managed install_data
[0.488s] running egg_info
[0.488s] writing ../../build/robot_vision/robot_vision.egg-info/PKG-INFO
[0.488s] writing dependency_links to ../../build/robot_vision/robot_vision.egg-info/dependency_links.txt
[0.488s] writing entry points to ../../build/robot_vision/robot_vision.egg-info/entry_points.txt
[0.488s] writing requirements to ../../build/robot_vision/robot_vision.egg-info/requires.txt
[0.488s] writing top-level names to ../../build/robot_vision/robot_vision.egg-info/top_level.txt
[0.489s] reading manifest file '../../build/robot_vision/robot_vision.egg-info/SOURCES.txt'
[0.489s] writing manifest file '../../build/robot_vision/robot_vision.egg-info/SOURCES.txt'
[0.489s] running build
[0.489s] running build_py
[0.490s] running install
[0.490s] running install_lib
[0.490s] running install_data
[0.490s] running install_egg_info
[0.491s] removing '/home/atharva/robot_ws/install/robot_vision/lib/python3.10/site-packages/robot_vision-0.0.0-py3.10.egg-info' (and everything under it)
[0.491s] Copying ../../build/robot_vision/robot_vision.egg-info to /home/atharva/robot_ws/install/robot_vision/lib/python3.10/site-packages/robot_vision-0.0.0-py3.10.egg-info
[0.492s] running install_scripts
[0.502s] Installing color_detector script to /home/atharva/robot_ws/install/robot_vision/lib/robot_vision
[0.502s] writing list of installed files to '/home/atharva/robot_ws/build/robot_vision/install.log'
[0.514s] Invoked command in '/home/atharva/robot_ws/src/robot_vision' returned '0': PYTHONPATH=/home/atharva/robot_ws/build/robot_vision/prefix_override:/usr/lib/python3/dist-packages/colcon_core/task/python/colcon_distutils_commands:/home/atharva/robot_ws/install/robot_vision/lib/python3.10/site-packages:${PYTHONPATH} /usr/bin/python3 -W ignore:setup.py install is deprecated -W ignore:easy_install command is deprecated setup.py egg_info --egg-base ../../build/robot_vision build --build-base /home/atharva/robot_ws/build/robot_vision/build install --record /home/atharva/robot_ws/build/robot_vision/install.log --single-version-externally-managed install_data
