[0.005s] Invoking command in '/home/atharva/robot_ws/build/robot_bringup': CMAKE_PREFIX_PATH=/home/atharva/robot_ws/install/pymoveit2:/home/atharva/robot_ws/install/robot_bringup:/home/atharva/robot_ws/install/robot_moveit:/home/atharva/robot_ws/install/robot_description:/home/atharva/robot_ws/install/robot_controller:/home/atharva/posha_ws/install/bot_description:/home/atharva/posha_ws/install/bot_controller:/home/atharva/robot_ws/install/robot_vision:/opt/ros/humble /usr/bin/cmake --build /home/atharva/robot_ws/build/robot_bringup -- -j20 -l20
[0.032s] Invoked command in '/home/atharva/robot_ws/build/robot_bringup' returned '0': CMAKE_PREFIX_PATH=/home/atharva/robot_ws/install/pymoveit2:/home/atharva/robot_ws/install/robot_bringup:/home/atharva/robot_ws/install/robot_moveit:/home/atharva/robot_ws/install/robot_description:/home/atharva/robot_ws/install/robot_controller:/home/atharva/posha_ws/install/bot_description:/home/atharva/posha_ws/install/bot_controller:/home/atharva/robot_ws/install/robot_vision:/opt/ros/humble /usr/bin/cmake --build /home/atharva/robot_ws/build/robot_bringup -- -j20 -l20
[0.033s] Invoking command in '/home/atharva/robot_ws/build/robot_bringup': CMAKE_PREFIX_PATH=/home/atharva/robot_ws/install/pymoveit2:/home/atharva/robot_ws/install/robot_bringup:/home/atharva/robot_ws/install/robot_moveit:/home/atharva/robot_ws/install/robot_description:/home/atharva/robot_ws/install/robot_controller:/home/atharva/posha_ws/install/bot_description:/home/atharva/posha_ws/install/bot_controller:/home/atharva/robot_ws/install/robot_vision:/opt/ros/humble /usr/bin/cmake --install /home/atharva/robot_ws/build/robot_bringup
[0.037s] -- Install configuration: ""
[0.037s] -- Up-to-date: /home/atharva/robot_ws/install/robot_bringup/share/ament_index/resource_index/package_run_dependencies/robot_bringup
[0.037s] -- Up-to-date: /home/atharva/robot_ws/install/robot_bringup/share/ament_index/resource_index/parent_prefix_path/robot_bringup
[0.037s] -- Up-to-date: /home/atharva/robot_ws/install/robot_bringup/share/robot_bringup/environment/ament_prefix_path.sh
[0.037s] -- Up-to-date: /home/atharva/robot_ws/install/robot_bringup/share/robot_bringup/environment/ament_prefix_path.dsv
[0.037s] -- Up-to-date: /home/atharva/robot_ws/install/robot_bringup/share/robot_bringup/environment/path.sh
[0.037s] -- Up-to-date: /home/atharva/robot_ws/install/robot_bringup/share/robot_bringup/environment/path.dsv
[0.037s] -- Up-to-date: /home/atharva/robot_ws/install/robot_bringup/share/robot_bringup/local_setup.bash
[0.037s] -- Up-to-date: /home/atharva/robot_ws/install/robot_bringup/share/robot_bringup/local_setup.sh
[0.037s] -- Up-to-date: /home/atharva/robot_ws/install/robot_bringup/share/robot_bringup/local_setup.zsh
[0.037s] -- Up-to-date: /home/atharva/robot_ws/install/robot_bringup/share/robot_bringup/local_setup.dsv
[0.037s] -- Installing: /home/atharva/robot_ws/install/robot_bringup/share/robot_bringup/package.dsv
[0.037s] -- Up-to-date: /home/atharva/robot_ws/install/robot_bringup/share/ament_index/resource_index/packages/robot_bringup
[0.037s] -- Up-to-date: /home/atharva/robot_ws/install/robot_bringup/share/robot_bringup/cmake/robot_bringupConfig.cmake
[0.037s] -- Up-to-date: /home/atharva/robot_ws/install/robot_bringup/share/robot_bringup/cmake/robot_bringupConfig-version.cmake
[0.037s] -- Up-to-date: /home/atharva/robot_ws/install/robot_bringup/share/robot_bringup/package.xml
[0.038s] Invoked command in '/home/atharva/robot_ws/build/robot_bringup' returned '0': CMAKE_PREFIX_PATH=/home/atharva/robot_ws/install/pymoveit2:/home/atharva/robot_ws/install/robot_bringup:/home/atharva/robot_ws/install/robot_moveit:/home/atharva/robot_ws/install/robot_description:/home/atharva/robot_ws/install/robot_controller:/home/atharva/posha_ws/install/bot_description:/home/atharva/posha_ws/install/bot_controller:/home/atharva/robot_ws/install/robot_vision:/opt/ros/humble /usr/bin/cmake --install /home/atharva/robot_ws/build/robot_bringup
