running egg_info
creating ../../build/robot_vision/robot_vision.egg-info
writing ../../build/robot_vision/robot_vision.egg-info/PKG-INFO
writing dependency_links to ../../build/robot_vision/robot_vision.egg-info/dependency_links.txt
writing entry points to ../../build/robot_vision/robot_vision.egg-info/entry_points.txt
writing requirements to ../../build/robot_vision/robot_vision.egg-info/requires.txt
writing top-level names to ../../build/robot_vision/robot_vision.egg-info/top_level.txt
writing manifest file '../../build/robot_vision/robot_vision.egg-info/SOURCES.txt'
reading manifest file '../../build/robot_vision/robot_vision.egg-info/SOURCES.txt'
writing manifest file '../../build/robot_vision/robot_vision.egg-info/SOURCES.txt'
running build
running build_py
creating /home/atharva/robot_ws/build/robot_vision/build
creating /home/atharva/robot_ws/build/robot_vision/build/lib
creating /home/atharva/robot_ws/build/robot_vision/build/lib/robot_vision
copying robot_vision/color_detector.py -> /home/atharva/robot_ws/build/robot_vision/build/lib/robot_vision
copying robot_vision/__init__.py -> /home/atharva/robot_ws/build/robot_vision/build/lib/robot_vision
running install
running install_lib
creating /home/atharva/robot_ws/install/robot_vision/lib/python3.10/site-packages/robot_vision
copying /home/atharva/robot_ws/build/robot_vision/build/lib/robot_vision/color_detector.py -> /home/atharva/robot_ws/install/robot_vision/lib/python3.10/site-packages/robot_vision
copying /home/atharva/robot_ws/build/robot_vision/build/lib/robot_vision/__init__.py -> /home/atharva/robot_ws/install/robot_vision/lib/python3.10/site-packages/robot_vision
byte-compiling /home/atharva/robot_ws/install/robot_vision/lib/python3.10/site-packages/robot_vision/color_detector.py to color_detector.cpython-310.pyc
byte-compiling /home/atharva/robot_ws/install/robot_vision/lib/python3.10/site-packages/robot_vision/__init__.py to __init__.cpython-310.pyc
running install_data
creating /home/atharva/robot_ws/install/robot_vision/share/ament_index
creating /home/atharva/robot_ws/install/robot_vision/share/ament_index/resource_index
creating /home/atharva/robot_ws/install/robot_vision/share/ament_index/resource_index/packages
copying resource/robot_vision -> /home/atharva/robot_ws/install/robot_vision/share/ament_index/resource_index/packages
copying package.xml -> /home/atharva/robot_ws/install/robot_vision/share/robot_vision
running install_egg_info
Copying ../../build/robot_vision/robot_vision.egg-info to /home/atharva/robot_ws/install/robot_vision/lib/python3.10/site-packages/robot_vision-0.0.0-py3.10.egg-info
running install_scripts
Installing color_detector script to /home/atharva/robot_ws/install/robot_vision/lib/robot_vision
writing list of installed files to '/home/atharva/robot_ws/build/robot_vision/install.log'
