[0.762s] Invoking command in '/home/atharva/robot_ws/src/robot_vision': PYTHONPATH=/home/atharva/robot_ws/build/robot_vision/prefix_override:/usr/lib/python3/dist-packages/colcon_core/task/python/colcon_distutils_commands:/home/atharva/robot_ws/install/robot_vision/lib/python3.10/site-packages:${PYTHONPATH} /usr/bin/python3 -W ignore:setup.py install is deprecated -W ignore:easy_install command is deprecated setup.py egg_info --egg-base ../../build/robot_vision build --build-base /home/atharva/robot_ws/build/robot_vision/build install --record /home/atharva/robot_ws/build/robot_vision/install.log --single-version-externally-managed install_data
[1.016s] running egg_info
[1.017s] creating ../../build/robot_vision/robot_vision.egg-info
[1.018s] writing ../../build/robot_vision/robot_vision.egg-info/PKG-INFO
[1.018s] writing dependency_links to ../../build/robot_vision/robot_vision.egg-info/dependency_links.txt
[1.018s] writing entry points to ../../build/robot_vision/robot_vision.egg-info/entry_points.txt
[1.019s] writing requirements to ../../build/robot_vision/robot_vision.egg-info/requires.txt
[1.019s] writing top-level names to ../../build/robot_vision/robot_vision.egg-info/top_level.txt
[1.019s] writing manifest file '../../build/robot_vision/robot_vision.egg-info/SOURCES.txt'
[1.020s] reading manifest file '../../build/robot_vision/robot_vision.egg-info/SOURCES.txt'
[1.021s] writing manifest file '../../build/robot_vision/robot_vision.egg-info/SOURCES.txt'
[1.021s] running build
[1.021s] running build_py
[1.021s] creating /home/atharva/robot_ws/build/robot_vision/build
[1.021s] creating /home/atharva/robot_ws/build/robot_vision/build/lib
[1.021s] creating /home/atharva/robot_ws/build/robot_vision/build/lib/robot_vision
[1.021s] copying robot_vision/color_detector.py -> /home/atharva/robot_ws/build/robot_vision/build/lib/robot_vision
[1.021s] copying robot_vision/__init__.py -> /home/atharva/robot_ws/build/robot_vision/build/lib/robot_vision
[1.021s] running install
[1.022s] running install_lib
[1.023s] creating /home/atharva/robot_ws/install/robot_vision/lib/python3.10/site-packages/robot_vision
[1.023s] copying /home/atharva/robot_ws/build/robot_vision/build/lib/robot_vision/color_detector.py -> /home/atharva/robot_ws/install/robot_vision/lib/python3.10/site-packages/robot_vision
[1.023s] copying /home/atharva/robot_ws/build/robot_vision/build/lib/robot_vision/__init__.py -> /home/atharva/robot_ws/install/robot_vision/lib/python3.10/site-packages/robot_vision
[1.023s] byte-compiling /home/atharva/robot_ws/install/robot_vision/lib/python3.10/site-packages/robot_vision/color_detector.py to color_detector.cpython-310.pyc
[1.024s] byte-compiling /home/atharva/robot_ws/install/robot_vision/lib/python3.10/site-packages/robot_vision/__init__.py to __init__.cpython-310.pyc
[1.024s] running install_data
[1.024s] creating /home/atharva/robot_ws/install/robot_vision/share/ament_index
[1.024s] creating /home/atharva/robot_ws/install/robot_vision/share/ament_index/resource_index
[1.025s] creating /home/atharva/robot_ws/install/robot_vision/share/ament_index/resource_index/packages
[1.026s] copying resource/robot_vision -> /home/atharva/robot_ws/install/robot_vision/share/ament_index/resource_index/packages
[1.026s] copying package.xml -> /home/atharva/robot_ws/install/robot_vision/share/robot_vision
[1.026s] running install_egg_info
[1.027s] Copying ../../build/robot_vision/robot_vision.egg-info to /home/atharva/robot_ws/install/robot_vision/lib/python3.10/site-packages/robot_vision-0.0.0-py3.10.egg-info
[1.028s] running install_scripts
[1.048s] Installing color_detector script to /home/atharva/robot_ws/install/robot_vision/lib/robot_vision
[1.049s] writing list of installed files to '/home/atharva/robot_ws/build/robot_vision/install.log'
[1.075s] Invoked command in '/home/atharva/robot_ws/src/robot_vision' returned '0': PYTHONPATH=/home/atharva/robot_ws/build/robot_vision/prefix_override:/usr/lib/python3/dist-packages/colcon_core/task/python/colcon_distutils_commands:/home/atharva/robot_ws/install/robot_vision/lib/python3.10/site-packages:${PYTHONPATH} /usr/bin/python3 -W ignore:setup.py install is deprecated -W ignore:easy_install command is deprecated setup.py egg_info --egg-base ../../build/robot_vision build --build-base /home/atharva/robot_ws/build/robot_vision/build install --record /home/atharva/robot_ws/build/robot_vision/install.log --single-version-externally-managed install_data
