[0.013s] Invoking command in '/home/atharva/robot_ws/build/robot_moveit': CMAKE_PREFIX_PATH=/home/atharva/robot_ws/install/robot_description:/home/atharva/robot_ws/install/robot_moveit:/home/atharva/robot_ws/install/robot_controller:/home/atharva/posha_ws/install/bot_description:/home/atharva/posha_ws/install/bot_controller:/home/atharva/robot_ws/install/robot_vision:/opt/ros/humble /usr/bin/cmake /home/atharva/robot_ws/src/robot_moveit -DCMAKE_INSTALL_PREFIX=/home/atharva/robot_ws/install/robot_moveit
[0.078s] -- The C compiler identification is GNU 11.4.0
[0.146s] -- The CXX compiler identification is GNU 11.4.0
[0.162s] -- Detecting C compiler ABI info
[0.245s] -- Detecting C compiler ABI info - done
[0.252s] -- Check for working C compiler: /usr/bin/cc - skipped
[0.253s] -- Detecting C compile features
[0.253s] -- Detecting C compile features - done
[0.257s] -- Detecting CXX compiler ABI info
[0.365s] -- Detecting CXX compiler ABI info - done
[0.373s] -- Check for working CXX compiler: /usr/bin/c++ - skipped
[0.373s] -- Detecting CXX compile features
[0.374s] -- Detecting CXX compile features - done
[0.376s] -- Found ament_cmake: 1.3.12 (/opt/ros/humble/share/ament_cmake/cmake)
[0.565s] -- Found Python3: /usr/bin/python3 (found version "3.10.12") found components: Interpreter 
[0.675s] -- Found ament_lint_auto: 0.12.14 (/opt/ros/humble/share/ament_lint_auto/cmake)
[0.757s] -- Added test 'flake8' to check Python code syntax and style conventions
[0.758s] -- Added test 'lint_cmake' to check CMake code style
[0.758s] -- Added test 'pep257' to check Python code against some of the docstring style conventions in PEP 257
[0.760s] -- Added test 'xmllint' to check XML markup files
[0.761s] -- Configuring done
[0.763s] -- Generating done
[0.764s] -- Build files have been written to: /home/atharva/robot_ws/build/robot_moveit
[0.770s] Invoked command in '/home/atharva/robot_ws/build/robot_moveit' returned '0': CMAKE_PREFIX_PATH=/home/atharva/robot_ws/install/robot_description:/home/atharva/robot_ws/install/robot_moveit:/home/atharva/robot_ws/install/robot_controller:/home/atharva/posha_ws/install/bot_description:/home/atharva/posha_ws/install/bot_controller:/home/atharva/robot_ws/install/robot_vision:/opt/ros/humble /usr/bin/cmake /home/atharva/robot_ws/src/robot_moveit -DCMAKE_INSTALL_PREFIX=/home/atharva/robot_ws/install/robot_moveit
[0.771s] Invoking command in '/home/atharva/robot_ws/build/robot_moveit': CMAKE_PREFIX_PATH=/home/atharva/robot_ws/install/robot_description:/home/atharva/robot_ws/install/robot_moveit:/home/atharva/robot_ws/install/robot_controller:/home/atharva/posha_ws/install/bot_description:/home/atharva/posha_ws/install/bot_controller:/home/atharva/robot_ws/install/robot_vision:/opt/ros/humble /usr/bin/cmake --build /home/atharva/robot_ws/build/robot_moveit -- -j20 -l20
[0.823s] Invoked command in '/home/atharva/robot_ws/build/robot_moveit' returned '0': CMAKE_PREFIX_PATH=/home/atharva/robot_ws/install/robot_description:/home/atharva/robot_ws/install/robot_moveit:/home/atharva/robot_ws/install/robot_controller:/home/atharva/posha_ws/install/bot_description:/home/atharva/posha_ws/install/bot_controller:/home/atharva/robot_ws/install/robot_vision:/opt/ros/humble /usr/bin/cmake --build /home/atharva/robot_ws/build/robot_moveit -- -j20 -l20
[0.824s] Invoking command in '/home/atharva/robot_ws/build/robot_moveit': CMAKE_PREFIX_PATH=/home/atharva/robot_ws/install/robot_description:/home/atharva/robot_ws/install/robot_moveit:/home/atharva/robot_ws/install/robot_controller:/home/atharva/posha_ws/install/bot_description:/home/atharva/posha_ws/install/bot_controller:/home/atharva/robot_ws/install/robot_vision:/opt/ros/humble /usr/bin/cmake --install /home/atharva/robot_ws/build/robot_moveit
[0.837s] -- Install configuration: ""
[0.837s] -- Installing: /home/atharva/robot_ws/install/robot_moveit/share/robot_moveit/launch
[0.837s] -- Installing: /home/atharva/robot_ws/install/robot_moveit/share/robot_moveit/launch/demo.launch.py
[0.837s] -- Installing: /home/atharva/robot_ws/install/robot_moveit/share/robot_moveit/launch/move_group.launch.py
[0.837s] -- Installing: /home/atharva/robot_ws/install/robot_moveit/share/robot_moveit/launch/setup_assistant.launch.py
[0.838s] -- Installing: /home/atharva/robot_ws/install/robot_moveit/share/robot_moveit/launch/moveit.launch.py
[0.838s] -- Installing: /home/atharva/robot_ws/install/robot_moveit/share/robot_moveit/launch/rsp.launch.py
[0.838s] -- Installing: /home/atharva/robot_ws/install/robot_moveit/share/robot_moveit/launch/spawn_controllers.launch.py
[0.838s] -- Installing: /home/atharva/robot_ws/install/robot_moveit/share/robot_moveit/launch/moveit_rviz.launch.py
[0.838s] -- Installing: /home/atharva/robot_ws/install/robot_moveit/share/robot_moveit/launch/warehouse_db.launch.py
[0.838s] -- Installing: /home/atharva/robot_ws/install/robot_moveit/share/robot_moveit/launch/static_virtual_joint_tfs.launch.py
[0.838s] -- Installing: /home/atharva/robot_ws/install/robot_moveit/share/robot_moveit/config
[0.838s] -- Installing: /home/atharva/robot_ws/install/robot_moveit/share/robot_moveit/config/joint_limits.yaml
[0.838s] -- Installing: /home/atharva/robot_ws/install/robot_moveit/share/robot_moveit/config/panda.srdf
[0.838s] -- Installing: /home/atharva/robot_ws/install/robot_moveit/share/robot_moveit/config/initial_positions.yaml
[0.838s] -- Installing: /home/atharva/robot_ws/install/robot_moveit/share/robot_moveit/config/kinematics.yaml
[0.838s] -- Installing: /home/atharva/robot_ws/install/robot_moveit/share/robot_moveit/config/planning_python_api.yaml
[0.838s] -- Installing: /home/atharva/robot_ws/install/robot_moveit/share/robot_moveit/config/moveit_controllers.yaml
[0.838s] -- Installing: /home/atharva/robot_ws/install/robot_moveit/share/robot_moveit/config/pilz_cartesian_limits.yaml
[0.839s] -- Installing: /home/atharva/robot_ws/install/robot_moveit/share/robot_moveit/rviz
[0.839s] -- Installing: /home/atharva/robot_ws/install/robot_moveit/share/robot_moveit/rviz/moveit.rviz
[0.839s] -- Installing: /home/atharva/robot_ws/install/robot_moveit/share/ament_index/resource_index/package_run_dependencies/robot_moveit
[0.839s] -- Installing: /home/atharva/robot_ws/install/robot_moveit/share/ament_index/resource_index/parent_prefix_path/robot_moveit
[0.839s] -- Installing: /home/atharva/robot_ws/install/robot_moveit/share/robot_moveit/environment/ament_prefix_path.sh
[0.839s] -- Installing: /home/atharva/robot_ws/install/robot_moveit/share/robot_moveit/environment/ament_prefix_path.dsv
[0.839s] -- Installing: /home/atharva/robot_ws/install/robot_moveit/share/robot_moveit/environment/path.sh
[0.839s] -- Installing: /home/atharva/robot_ws/install/robot_moveit/share/robot_moveit/environment/path.dsv
[0.839s] -- Installing: /home/atharva/robot_ws/install/robot_moveit/share/robot_moveit/local_setup.bash
[0.839s] -- Installing: /home/atharva/robot_ws/install/robot_moveit/share/robot_moveit/local_setup.sh
[0.839s] -- Installing: /home/atharva/robot_ws/install/robot_moveit/share/robot_moveit/local_setup.zsh
[0.839s] -- Installing: /home/atharva/robot_ws/install/robot_moveit/share/robot_moveit/local_setup.dsv
[0.839s] -- Installing: /home/atharva/robot_ws/install/robot_moveit/share/robot_moveit/package.dsv
[0.839s] -- Installing: /home/atharva/robot_ws/install/robot_moveit/share/ament_index/resource_index/packages/robot_moveit
[0.839s] -- Installing: /home/atharva/robot_ws/install/robot_moveit/share/robot_moveit/cmake/robot_moveitConfig.cmake
[0.840s] -- Installing: /home/atharva/robot_ws/install/robot_moveit/share/robot_moveit/cmake/robot_moveitConfig-version.cmake
[0.840s] -- Installing: /home/atharva/robot_ws/install/robot_moveit/share/robot_moveit/package.xml
[0.842s] Invoked command in '/home/atharva/robot_ws/build/robot_moveit' returned '0': CMAKE_PREFIX_PATH=/home/atharva/robot_ws/install/robot_description:/home/atharva/robot_ws/install/robot_moveit:/home/atharva/robot_ws/install/robot_controller:/home/atharva/posha_ws/install/bot_description:/home/atharva/posha_ws/install/bot_controller:/home/atharva/robot_ws/install/robot_vision:/opt/ros/humble /usr/bin/cmake --install /home/atharva/robot_ws/build/robot_moveit
