[0.006s] Invoking command in '/home/atharva/robot_ws/build/robot_moveit': CMAKE_PREFIX_PATH=/home/atharva/robot_ws/install/robot_description:/home/atharva/robot_ws/install/robot_bringup:/home/atharva/robot_ws/install/pymoveit2:/home/atharva/robot_ws/install/robot_moveit:/home/atharva/robot_ws/install/robot_controller:/home/atharva/posha_ws/install/bot_description:/home/atharva/posha_ws/install/bot_controller:/home/atharva/robot_ws/install/robot_vision:/opt/ros/humble /usr/bin/cmake --build /home/atharva/robot_ws/build/robot_moveit -- -j20 -l20
[0.032s] Invoked command in '/home/atharva/robot_ws/build/robot_moveit' returned '0': CMAKE_PREFIX_PATH=/home/atharva/robot_ws/install/robot_description:/home/atharva/robot_ws/install/robot_bringup:/home/atharva/robot_ws/install/pymoveit2:/home/atharva/robot_ws/install/robot_moveit:/home/atharva/robot_ws/install/robot_controller:/home/atharva/posha_ws/install/bot_description:/home/atharva/posha_ws/install/bot_controller:/home/atharva/robot_ws/install/robot_vision:/opt/ros/humble /usr/bin/cmake --build /home/atharva/robot_ws/build/robot_moveit -- -j20 -l20
[0.034s] Invoking command in '/home/atharva/robot_ws/build/robot_moveit': CMAKE_PREFIX_PATH=/home/atharva/robot_ws/install/robot_description:/home/atharva/robot_ws/install/robot_bringup:/home/atharva/robot_ws/install/pymoveit2:/home/atharva/robot_ws/install/robot_moveit:/home/atharva/robot_ws/install/robot_controller:/home/atharva/posha_ws/install/bot_description:/home/atharva/posha_ws/install/bot_controller:/home/atharva/robot_ws/install/robot_vision:/opt/ros/humble /usr/bin/cmake --install /home/atharva/robot_ws/build/robot_moveit
[0.038s] -- Install configuration: ""
[0.038s] -- Up-to-date: /home/atharva/robot_ws/install/robot_moveit/share/robot_moveit/launch
[0.038s] -- Up-to-date: /home/atharva/robot_ws/install/robot_moveit/share/robot_moveit/launch/demo.launch.py
[0.038s] -- Up-to-date: /home/atharva/robot_ws/install/robot_moveit/share/robot_moveit/launch/move_group.launch.py
[0.038s] -- Up-to-date: /home/atharva/robot_ws/install/robot_moveit/share/robot_moveit/launch/setup_assistant.launch.py
[0.039s] -- Up-to-date: /home/atharva/robot_ws/install/robot_moveit/share/robot_moveit/launch/moveit.launch.py
[0.039s] -- Up-to-date: /home/atharva/robot_ws/install/robot_moveit/share/robot_moveit/launch/rsp.launch.py
[0.039s] -- Up-to-date: /home/atharva/robot_ws/install/robot_moveit/share/robot_moveit/launch/spawn_controllers.launch.py
[0.039s] -- Up-to-date: /home/atharva/robot_ws/install/robot_moveit/share/robot_moveit/launch/moveit_rviz.launch.py
[0.039s] -- Up-to-date: /home/atharva/robot_ws/install/robot_moveit/share/robot_moveit/launch/warehouse_db.launch.py
[0.039s] -- Up-to-date: /home/atharva/robot_ws/install/robot_moveit/share/robot_moveit/launch/static_virtual_joint_tfs.launch.py
[0.039s] -- Up-to-date: /home/atharva/robot_ws/install/robot_moveit/share/robot_moveit/config
[0.039s] -- Up-to-date: /home/atharva/robot_ws/install/robot_moveit/share/robot_moveit/config/joint_limits.yaml
[0.039s] -- Up-to-date: /home/atharva/robot_ws/install/robot_moveit/share/robot_moveit/config/panda.srdf
[0.039s] -- Up-to-date: /home/atharva/robot_ws/install/robot_moveit/share/robot_moveit/config/initial_positions.yaml
[0.039s] -- Up-to-date: /home/atharva/robot_ws/install/robot_moveit/share/robot_moveit/config/kinematics.yaml
[0.039s] -- Up-to-date: /home/atharva/robot_ws/install/robot_moveit/share/robot_moveit/config/planning_python_api.yaml
[0.039s] -- Up-to-date: /home/atharva/robot_ws/install/robot_moveit/share/robot_moveit/config/moveit_controllers.yaml
[0.039s] -- Up-to-date: /home/atharva/robot_ws/install/robot_moveit/share/robot_moveit/config/pilz_cartesian_limits.yaml
[0.039s] -- Up-to-date: /home/atharva/robot_ws/install/robot_moveit/share/robot_moveit/rviz
[0.039s] -- Up-to-date: /home/atharva/robot_ws/install/robot_moveit/share/robot_moveit/rviz/moveit.rviz
[0.040s] -- Up-to-date: /home/atharva/robot_ws/install/robot_moveit/share/ament_index/resource_index/package_run_dependencies/robot_moveit
[0.040s] -- Up-to-date: /home/atharva/robot_ws/install/robot_moveit/share/ament_index/resource_index/parent_prefix_path/robot_moveit
[0.040s] -- Up-to-date: /home/atharva/robot_ws/install/robot_moveit/share/robot_moveit/environment/ament_prefix_path.sh
[0.040s] -- Up-to-date: /home/atharva/robot_ws/install/robot_moveit/share/robot_moveit/environment/ament_prefix_path.dsv
[0.040s] -- Up-to-date: /home/atharva/robot_ws/install/robot_moveit/share/robot_moveit/environment/path.sh
[0.040s] -- Up-to-date: /home/atharva/robot_ws/install/robot_moveit/share/robot_moveit/environment/path.dsv
[0.040s] -- Up-to-date: /home/atharva/robot_ws/install/robot_moveit/share/robot_moveit/local_setup.bash
[0.040s] -- Up-to-date: /home/atharva/robot_ws/install/robot_moveit/share/robot_moveit/local_setup.sh
[0.040s] -- Up-to-date: /home/atharva/robot_ws/install/robot_moveit/share/robot_moveit/local_setup.zsh
[0.040s] -- Up-to-date: /home/atharva/robot_ws/install/robot_moveit/share/robot_moveit/local_setup.dsv
[0.041s] -- Installing: /home/atharva/robot_ws/install/robot_moveit/share/robot_moveit/package.dsv
[0.041s] -- Up-to-date: /home/atharva/robot_ws/install/robot_moveit/share/ament_index/resource_index/packages/robot_moveit
[0.041s] -- Up-to-date: /home/atharva/robot_ws/install/robot_moveit/share/robot_moveit/cmake/robot_moveitConfig.cmake
[0.041s] -- Up-to-date: /home/atharva/robot_ws/install/robot_moveit/share/robot_moveit/cmake/robot_moveitConfig-version.cmake
[0.041s] -- Up-to-date: /home/atharva/robot_ws/install/robot_moveit/share/robot_moveit/package.xml
[0.042s] Invoked command in '/home/atharva/robot_ws/build/robot_moveit' returned '0': CMAKE_PREFIX_PATH=/home/atharva/robot_ws/install/robot_description:/home/atharva/robot_ws/install/robot_bringup:/home/atharva/robot_ws/install/pymoveit2:/home/atharva/robot_ws/install/robot_moveit:/home/atharva/robot_ws/install/robot_controller:/home/atharva/posha_ws/install/bot_description:/home/atharva/posha_ws/install/bot_controller:/home/atharva/robot_ws/install/robot_vision:/opt/ros/humble /usr/bin/cmake --install /home/atharva/robot_ws/build/robot_moveit
