[0.007s] Invoking command in '/home/atharva/robot_ws/build/robot_bringup': AMENT_PREFIX_PATH=/home/atharva/robot_ws/install/pymoveit2:${AMENT_PREFIX_PATH} CMAKE_PREFIX_PATH=/home/atharva/robot_ws/install/pymoveit2:/home/atharva/robot_ws/install/robot_moveit:/home/atharva/robot_ws/install/robot_description:/home/atharva/robot_ws/install/robot_controller:/home/atharva/posha_ws/install/bot_description:/home/atharva/posha_ws/install/bot_controller:/home/atharva/robot_ws/install/robot_vision:/opt/ros/humble PYTHONPATH=/home/atharva/robot_ws/install/pymoveit2/local/lib/python3.10/dist-packages:${PYTHONPATH} /usr/bin/cmake /home/atharva/robot_ws/src/robot_bringup -DCMAKE_INSTALL_PREFIX=/home/atharva/robot_ws/install/robot_bringup
[0.043s] -- The C compiler identification is GNU 11.4.0
[0.080s] -- The CXX compiler identification is GNU 11.4.0
[0.085s] -- Detecting C compiler ABI info
[0.135s] -- Detecting C compiler ABI info - done
[0.140s] -- Check for working C compiler: /usr/bin/cc - skipped
[0.140s] -- Detecting C compile features
[0.140s] -- Detecting C compile features - done
[0.142s] -- Detecting CXX compiler ABI info
[0.192s] -- Detecting CXX compiler ABI info - done
[0.196s] -- Check for working CXX compiler: /usr/bin/c++ - skipped
[0.197s] -- Detecting CXX compile features
[0.197s] -- Detecting CXX compile features - done
[0.198s] -- Found ament_cmake: 1.3.12 (/opt/ros/humble/share/ament_cmake/cmake)
[0.294s] -- Found Python3: /usr/bin/python3 (found version "3.10.12") found components: Interpreter 
[0.359s] -- Found ament_lint_auto: 0.12.14 (/opt/ros/humble/share/ament_lint_auto/cmake)
[0.413s] -- Added test 'flake8' to check Python code syntax and style conventions
[0.414s] -- Added test 'lint_cmake' to check CMake code style
[0.414s] -- Added test 'pep257' to check Python code against some of the docstring style conventions in PEP 257
[0.415s] -- Added test 'xmllint' to check XML markup files
[0.415s] -- Configuring done
[0.417s] -- Generating done
[0.417s] -- Build files have been written to: /home/atharva/robot_ws/build/robot_bringup
[0.420s] Invoked command in '/home/atharva/robot_ws/build/robot_bringup' returned '0': AMENT_PREFIX_PATH=/home/atharva/robot_ws/install/pymoveit2:${AMENT_PREFIX_PATH} CMAKE_PREFIX_PATH=/home/atharva/robot_ws/install/pymoveit2:/home/atharva/robot_ws/install/robot_moveit:/home/atharva/robot_ws/install/robot_description:/home/atharva/robot_ws/install/robot_controller:/home/atharva/posha_ws/install/bot_description:/home/atharva/posha_ws/install/bot_controller:/home/atharva/robot_ws/install/robot_vision:/opt/ros/humble PYTHONPATH=/home/atharva/robot_ws/install/pymoveit2/local/lib/python3.10/dist-packages:${PYTHONPATH} /usr/bin/cmake /home/atharva/robot_ws/src/robot_bringup -DCMAKE_INSTALL_PREFIX=/home/atharva/robot_ws/install/robot_bringup
[0.421s] Invoking command in '/home/atharva/robot_ws/build/robot_bringup': AMENT_PREFIX_PATH=/home/atharva/robot_ws/install/pymoveit2:${AMENT_PREFIX_PATH} CMAKE_PREFIX_PATH=/home/atharva/robot_ws/install/pymoveit2:/home/atharva/robot_ws/install/robot_moveit:/home/atharva/robot_ws/install/robot_description:/home/atharva/robot_ws/install/robot_controller:/home/atharva/posha_ws/install/bot_description:/home/atharva/posha_ws/install/bot_controller:/home/atharva/robot_ws/install/robot_vision:/opt/ros/humble PYTHONPATH=/home/atharva/robot_ws/install/pymoveit2/local/lib/python3.10/dist-packages:${PYTHONPATH} /usr/bin/cmake --build /home/atharva/robot_ws/build/robot_bringup -- -j20 -l20
[0.454s] Invoked command in '/home/atharva/robot_ws/build/robot_bringup' returned '0': AMENT_PREFIX_PATH=/home/atharva/robot_ws/install/pymoveit2:${AMENT_PREFIX_PATH} CMAKE_PREFIX_PATH=/home/atharva/robot_ws/install/pymoveit2:/home/atharva/robot_ws/install/robot_moveit:/home/atharva/robot_ws/install/robot_description:/home/atharva/robot_ws/install/robot_controller:/home/atharva/posha_ws/install/bot_description:/home/atharva/posha_ws/install/bot_controller:/home/atharva/robot_ws/install/robot_vision:/opt/ros/humble PYTHONPATH=/home/atharva/robot_ws/install/pymoveit2/local/lib/python3.10/dist-packages:${PYTHONPATH} /usr/bin/cmake --build /home/atharva/robot_ws/build/robot_bringup -- -j20 -l20
[0.456s] Invoking command in '/home/atharva/robot_ws/build/robot_bringup': AMENT_PREFIX_PATH=/home/atharva/robot_ws/install/pymoveit2:${AMENT_PREFIX_PATH} CMAKE_PREFIX_PATH=/home/atharva/robot_ws/install/pymoveit2:/home/atharva/robot_ws/install/robot_moveit:/home/atharva/robot_ws/install/robot_description:/home/atharva/robot_ws/install/robot_controller:/home/atharva/posha_ws/install/bot_description:/home/atharva/posha_ws/install/bot_controller:/home/atharva/robot_ws/install/robot_vision:/opt/ros/humble PYTHONPATH=/home/atharva/robot_ws/install/pymoveit2/local/lib/python3.10/dist-packages:${PYTHONPATH} /usr/bin/cmake --install /home/atharva/robot_ws/build/robot_bringup
[0.463s] -- Install configuration: ""
[0.463s] -- Installing: /home/atharva/robot_ws/install/robot_bringup/share/ament_index/resource_index/package_run_dependencies/robot_bringup
[0.463s] -- Installing: /home/atharva/robot_ws/install/robot_bringup/share/ament_index/resource_index/parent_prefix_path/robot_bringup
[0.464s] -- Installing: /home/atharva/robot_ws/install/robot_bringup/share/robot_bringup/environment/ament_prefix_path.sh
[0.464s] -- Installing: /home/atharva/robot_ws/install/robot_bringup/share/robot_bringup/environment/ament_prefix_path.dsv
[0.464s] -- Installing: /home/atharva/robot_ws/install/robot_bringup/share/robot_bringup/environment/path.sh
[0.464s] -- Installing: /home/atharva/robot_ws/install/robot_bringup/share/robot_bringup/environment/path.dsv
[0.464s] -- Installing: /home/atharva/robot_ws/install/robot_bringup/share/robot_bringup/local_setup.bash
[0.464s] -- Installing: /home/atharva/robot_ws/install/robot_bringup/share/robot_bringup/local_setup.sh
[0.465s] -- Installing: /home/atharva/robot_ws/install/robot_bringup/share/robot_bringup/local_setup.zsh
[0.465s] -- Installing: /home/atharva/robot_ws/install/robot_bringup/share/robot_bringup/local_setup.dsv
[0.465s] -- Installing: /home/atharva/robot_ws/install/robot_bringup/share/robot_bringup/package.dsv
[0.465s] -- Installing: /home/atharva/robot_ws/install/robot_bringup/share/ament_index/resource_index/packages/robot_bringup
[0.465s] -- Installing: /home/atharva/robot_ws/install/robot_bringup/share/robot_bringup/cmake/robot_bringupConfig.cmake
[0.465s] -- Installing: /home/atharva/robot_ws/install/robot_bringup/share/robot_bringup/cmake/robot_bringupConfig-version.cmake
[0.465s] -- Installing: /home/atharva/robot_ws/install/robot_bringup/share/robot_bringup/package.xml
[0.467s] Invoked command in '/home/atharva/robot_ws/build/robot_bringup' returned '0': AMENT_PREFIX_PATH=/home/atharva/robot_ws/install/pymoveit2:${AMENT_PREFIX_PATH} CMAKE_PREFIX_PATH=/home/atharva/robot_ws/install/pymoveit2:/home/atharva/robot_ws/install/robot_moveit:/home/atharva/robot_ws/install/robot_description:/home/atharva/robot_ws/install/robot_controller:/home/atharva/posha_ws/install/bot_description:/home/atharva/posha_ws/install/bot_controller:/home/atharva/robot_ws/install/robot_vision:/opt/ros/humble PYTHONPATH=/home/atharva/robot_ws/install/pymoveit2/local/lib/python3.10/dist-packages:${PYTHONPATH} /usr/bin/cmake --install /home/atharva/robot_ws/build/robot_bringup
